2020-03-27 02:01:49 上午 [Thread: Druid-ConnectionPool-Destroy-1963590892][ Class:druid.sql.Connection >> Method: com.alibaba.druid.filter.logging.Log4jFilter.connectionLog(Log4jFilter.java:132) ]
DEBUG:{conn-10001} closed
2020-03-27 14:20:51 下午 [Thread: http-nio-8888-exec-1][ Class:com.hl.diary.controller.release.ReleaseController >> Method: com.hl.diary.controller.release.ReleaseController.addContent(ReleaseController.java:22) ]
DEBUG:xxxxxxxxx1>Release [Hash = -1596407216, id=2, uid=2341, openid=2341, createtime=2020-03-26, weather=1, mood=2, location=fsav, music=1, musicurl=https://www.baidu.com/, theme=3, content=环境的考试那可能, serialVersionUID=1]
2020-03-27 14:20:54 下午 [Thread: Druid-ConnectionPool-Create-1963590892][ Class:druid.sql.Connection >> Method: com.alibaba.druid.filter.logging.Log4jFilter.connectionLog(Log4jFilter.java:132) ]
DEBUG:{conn-10002,procId-33} connected
2020-03-27 14:20:54 下午 [Thread: http-nio-8888-exec-1][ Class:druid.sql.Connection >> Method: com.alibaba.druid.filter.logging.Log4jFilter.connectionLog(Log4jFilter.java:132) ]
DEBUG:{conn-10002} pool-connect
2020-03-27 14:20:54 下午 [Thread: http-nio-8888-exec-1][ Class:druid.sql.Statement >> Method: com.alibaba.druid.filter.logging.Log4jFilter.statementLog(Log4jFilter.java:137) ]
DEBUG:{conn-10002, pstmt-20005} created. insert into release (uid, openid, createtime, 
      weather, mood, location, 
      music, musicurl, theme, 
      content)
    values (?, ?, ?, 
      ?, ?, ?, 
      ?, ?, ?, 
      ?)
2020-03-27 14:20:54 下午 [Thread: http-nio-8888-exec-1][ Class:druid.sql.Statement >> Method: com.alibaba.druid.filter.logging.Log4jFilter.statementLog(Log4jFilter.java:137) ]
DEBUG:{conn-10002, pstmt-20005} Parameters : [2341, 2341, 2020-03-26, 1, 2, fsav, 1, https://www.baidu.com/, 3, 环境的考试那可能]
2020-03-27 14:20:54 下午 [Thread: http-nio-8888-exec-1][ Class:druid.sql.Statement >> Method: com.alibaba.druid.filter.logging.Log4jFilter.statementLog(Log4jFilter.java:137) ]
DEBUG:{conn-10002, pstmt-20005} Types : [INTEGER, VARCHAR, VARCHAR, INTEGER, INTEGER, VARCHAR, INTEGER, VARCHAR, INTEGER, VARCHAR]
2020-03-27 14:20:54 下午 [Thread: http-nio-8888-exec-1][ Class:druid.sql.Statement >> Method: com.alibaba.druid.filter.logging.Log4jFilter.statementLogError(Log4jFilter.java:152) ]
ERROR:{conn-10002, pstmt-20005} execute error. insert into release (uid, openid, createtime, 
      weather, mood, location, 
      music, musicurl, theme, 
      content)
    values (?, ?, ?, 
      ?, ?, ?, 
      ?, ?, ?, 
      ?)
java.sql.SQLSyntaxErrorException: You have an error in your SQL syntax; check the manual that corresponds to your MySQL server version for the right syntax to use near 'release (uid, openid, createtime, 
      weather, mood, location, 
      music, ' at line 1
	at com.mysql.cj.jdbc.exceptions.SQLError.createSQLException(SQLError.java:120)
	at com.mysql.cj.jdbc.exceptions.SQLError.createSQLException(SQLError.java:97)
	at com.mysql.cj.jdbc.exceptions.SQLExceptionsMapping.translateException(SQLExceptionsMapping.java:122)
	at com.mysql.cj.jdbc.ClientPreparedStatement.executeInternal(ClientPreparedStatement.java:974)
	at com.mysql.cj.jdbc.ClientPreparedStatement.execute(ClientPreparedStatement.java:391)
	at com.alibaba.druid.filter.FilterChainImpl.preparedStatement_execute(FilterChainImpl.java:3409)
	at com.alibaba.druid.filter.FilterEventAdapter.preparedStatement_execute(FilterEventAdapter.java:440)
	at com.alibaba.druid.filter.FilterChainImpl.preparedStatement_execute(FilterChainImpl.java:3407)
	at com.alibaba.druid.filter.FilterEventAdapter.preparedStatement_execute(FilterEventAdapter.java:440)
	at com.alibaba.druid.filter.FilterChainImpl.preparedStatement_execute(FilterChainImpl.java:3407)
	at com.alibaba.druid.proxy.jdbc.PreparedStatementProxyImpl.execute(PreparedStatementProxyImpl.java:167)
	at com.alibaba.druid.pool.DruidPooledPreparedStatement.execute(DruidPooledPreparedStatement.java:497)
	at org.apache.ibatis.executor.statement.PreparedStatementHandler.update(PreparedStatementHandler.java:47)
	at org.apache.ibatis.executor.statement.RoutingStatementHandler.update(RoutingStatementHandler.java:74)
	at org.apache.ibatis.executor.ReuseExecutor.doUpdate(ReuseExecutor.java:52)
	at org.apache.ibatis.executor.BaseExecutor.update(BaseExecutor.java:117)
	at org.apache.ibatis.executor.CachingExecutor.update(CachingExecutor.java:76)
	at org.apache.ibatis.session.defaults.DefaultSqlSession.update(DefaultSqlSession.java:197)
	at org.apache.ibatis.session.defaults.DefaultSqlSession.insert(DefaultSqlSession.java:184)
	at java.base/jdk.internal.reflect.NativeMethodAccessorImpl.invoke0(Native Method)
	at java.base/jdk.internal.reflect.NativeMethodAccessorImpl.invoke(NativeMethodAccessorImpl.java:62)
	at java.base/jdk.internal.reflect.DelegatingMethodAccessorImpl.invoke(DelegatingMethodAccessorImpl.java:43)
	at java.base/java.lang.reflect.Method.invoke(Method.java:566)
	at org.mybatis.spring.SqlSessionTemplate$SqlSessionInterceptor.invoke(SqlSessionTemplate.java:433)
	at com.sun.proxy.$Proxy57.insert(Unknown Source)
	at org.mybatis.spring.SqlSessionTemplate.insert(SqlSessionTemplate.java:278)
	at org.apache.ibatis.binding.MapperMethod.execute(MapperMethod.java:62)
	at org.apache.ibatis.binding.MapperProxy.invoke(MapperProxy.java:58)
	at com.sun.proxy.$Proxy58.insert(Unknown Source)
	at java.base/jdk.internal.reflect.NativeMethodAccessorImpl.invoke0(Native Method)
	at java.base/jdk.internal.reflect.NativeMethodAccessorImpl.invoke(NativeMethodAccessorImpl.java:62)
	at java.base/jdk.internal.reflect.DelegatingMethodAccessorImpl.invoke(DelegatingMethodAccessorImpl.java:43)
	at java.base/java.lang.reflect.Method.invoke(Method.java:566)
	at org.springframework.aop.support.AopUtils.invokeJoinpointUsingReflection(AopUtils.java:343)
	at org.springframework.aop.framework.ReflectiveMethodInvocation.invokeJoinpoint(ReflectiveMethodInvocation.java:198)
	at org.springframework.aop.framework.ReflectiveMethodInvocation.proceed(ReflectiveMethodInvocation.java:163)
	at org.springframework.dao.support.PersistenceExceptionTranslationInterceptor.invoke(PersistenceExceptionTranslationInterceptor.java:139)
	at org.springframework.aop.framework.ReflectiveMethodInvocation.proceed(ReflectiveMethodInvocation.java:186)
	at org.springframework.aop.framework.JdkDynamicAopProxy.invoke(JdkDynamicAopProxy.java:212)
	at com.sun.proxy.$Proxy59.insert(Unknown Source)
	at com.hl.diary.service.impl.ReleaseServiceImpl.insertSelective(ReleaseServiceImpl.java:16)
	at com.hl.diary.controller.release.ReleaseController.addContent(ReleaseController.java:23)
	at java.base/jdk.internal.reflect.NativeMethodAccessorImpl.invoke0(Native Method)
	at java.base/jdk.internal.reflect.NativeMethodAccessorImpl.invoke(NativeMethodAccessorImpl.java:62)
	at java.base/jdk.internal.reflect.DelegatingMethodAccessorImpl.invoke(DelegatingMethodAccessorImpl.java:43)
	at java.base/java.lang.reflect.Method.invoke(Method.java:566)
	at org.springframework.web.method.support.InvocableHandlerMethod.doInvoke(InvocableHandlerMethod.java:215)
	at org.springframework.web.method.support.InvocableHandlerMethod.invokeForRequest(InvocableHandlerMethod.java:142)
	at org.springframework.web.servlet.mvc.method.annotation.ServletInvocableHandlerMethod.invokeAndHandle(ServletInvocableHandlerMethod.java:102)
	at org.springframework.web.servlet.mvc.method.annotation.RequestMappingHandlerAdapter.invokeHandlerMethod(RequestMappingHandlerAdapter.java:895)
	at org.springframework.web.servlet.mvc.method.annotation.RequestMappingHandlerAdapter.handleInternal(RequestMappingHandlerAdapter.java:800)
	at org.springframework.web.servlet.mvc.method.AbstractHandlerMethodAdapter.handle(AbstractHandlerMethodAdapter.java:87)
	at org.springframework.web.servlet.DispatcherServlet.doDispatch(DispatcherServlet.java:1038)
	at org.springframework.web.servlet.DispatcherServlet.doService(DispatcherServlet.java:942)
	at org.springframework.web.servlet.FrameworkServlet.processRequest(FrameworkServlet.java:998)
	at org.springframework.web.servlet.FrameworkServlet.doPost(FrameworkServlet.java:901)
	at javax.servlet.http.HttpServlet.service(HttpServlet.java:660)
	at org.springframework.web.servlet.FrameworkServlet.service(FrameworkServlet.java:875)
	at javax.servlet.http.HttpServlet.service(HttpServlet.java:741)
	at org.apache.catalina.core.ApplicationFilterChain.internalDoFilter(ApplicationFilterChain.java:231)
	at org.apache.catalina.core.ApplicationFilterChain.doFilter(ApplicationFilterChain.java:166)
	at org.apache.tomcat.websocket.server.WsFilter.doFilter(WsFilter.java:53)
	at org.apache.catalina.core.ApplicationFilterChain.internalDoFilter(ApplicationFilterChain.java:193)
	at org.apache.catalina.core.ApplicationFilterChain.doFilter(ApplicationFilterChain.java:166)
	at org.springframework.web.filter.RequestContextFilter.doFilterInternal(RequestContextFilter.java:99)
	at org.springframework.web.filter.OncePerRequestFilter.doFilter(OncePerRequestFilter.java:107)
	at org.apache.catalina.core.ApplicationFilterChain.internalDoFilter(ApplicationFilterChain.java:193)
	at org.apache.catalina.core.ApplicationFilterChain.doFilter(ApplicationFilterChain.java:166)
	at org.springframework.web.filter.FormContentFilter.doFilterInternal(FormContentFilter.java:92)
	at org.springframework.web.filter.OncePerRequestFilter.doFilter(OncePerRequestFilter.java:107)
	at org.apache.catalina.core.ApplicationFilterChain.internalDoFilter(ApplicationFilterChain.java:193)
	at org.apache.catalina.core.ApplicationFilterChain.doFilter(ApplicationFilterChain.java:166)
	at org.springframework.web.filter.HiddenHttpMethodFilter.doFilterInternal(HiddenHttpMethodFilter.java:93)
	at org.springframework.web.filter.OncePerRequestFilter.doFilter(OncePerRequestFilter.java:107)
	at org.apache.catalina.core.ApplicationFilterChain.internalDoFilter(ApplicationFilterChain.java:193)
	at org.apache.catalina.core.ApplicationFilterChain.doFilter(ApplicationFilterChain.java:166)
	at org.springframework.web.filter.CharacterEncodingFilter.doFilterInternal(CharacterEncodingFilter.java:200)
	at org.springframework.web.filter.OncePerRequestFilter.doFilter(OncePerRequestFilter.java:107)
	at org.apache.catalina.core.ApplicationFilterChain.internalDoFilter(ApplicationFilterChain.java:193)
	at org.apache.catalina.core.ApplicationFilterChain.doFilter(ApplicationFilterChain.java:166)
	at org.apache.catalina.core.StandardWrapperValve.invoke(StandardWrapperValve.java:199)
	at org.apache.catalina.core.StandardContextValve.invoke(StandardContextValve.java:96)
	at org.apache.catalina.authenticator.AuthenticatorBase.invoke(AuthenticatorBase.java:490)
	at org.apache.catalina.core.StandardHostValve.invoke(StandardHostValve.java:139)
	at org.apache.catalina.valves.ErrorReportValve.invoke(ErrorReportValve.java:92)
	at org.apache.catalina.core.StandardEngineValve.invoke(StandardEngineValve.java:74)
	at org.apache.catalina.connector.CoyoteAdapter.service(CoyoteAdapter.java:343)
	at org.apache.coyote.http11.Http11Processor.service(Http11Processor.java:408)
	at org.apache.coyote.AbstractProcessorLight.process(AbstractProcessorLight.java:66)
	at org.apache.coyote.AbstractProtocol$ConnectionHandler.process(AbstractProtocol.java:770)
	at org.apache.tomcat.util.net.NioEndpoint$SocketProcessor.doRun(NioEndpoint.java:1415)
	at org.apache.tomcat.util.net.SocketProcessorBase.run(SocketProcessorBase.java:49)
	at java.base/java.util.concurrent.ThreadPoolExecutor.runWorker(ThreadPoolExecutor.java:1128)
	at java.base/java.util.concurrent.ThreadPoolExecutor$Worker.run(ThreadPoolExecutor.java:628)
	at org.apache.tomcat.util.threads.TaskThread$WrappingRunnable.run(TaskThread.java:61)
	at java.base/java.lang.Thread.run(Thread.java:834)
2020-03-27 14:20:54 下午 [Thread: http-nio-8888-exec-1][ Class:druid.sql.Statement >> Method: com.alibaba.druid.filter.logging.Log4jFilter.statementLog(Log4jFilter.java:137) ]
DEBUG:{conn-10002, pstmt-20005} clearParameters. 
2020-03-27 14:20:54 下午 [Thread: http-nio-8888-exec-1][ Class:druid.sql.Statement >> Method: com.alibaba.druid.filter.logging.Log4jFilter.statementLog(Log4jFilter.java:137) ]
DEBUG:{conn-10002, pstmt-20005} closed
2020-03-27 14:20:55 下午 [Thread: http-nio-8888-exec-1][ Class:druid.sql.Connection >> Method: com.alibaba.druid.filter.logging.Log4jFilter.connectionLog(Log4jFilter.java:132) ]
DEBUG:{conn-10002} pool-recycle
2020-03-27 14:27:39 下午 [Thread: main][ Class:druid.sql.Connection >> Method: com.alibaba.druid.filter.logging.Log4jFilter.connectionLog(Log4jFilter.java:132) ]
DEBUG:{conn-10001,procId-34} connected
2020-03-27 14:34:40 下午 [Thread: http-nio-8888-exec-1][ Class:com.hl.diary.controller.release.ReleaseController >> Method: com.hl.diary.controller.release.ReleaseController.addContent(ReleaseController.java:22) ]
DEBUG:xxxxxxxxx1>Release [Hash = 1997495502, id=null, uid=2341, openid=2341, createtime=2020-03-26, weather=1, mood=2, location=fsav, music=1, musicurl=https://www.baidu.com/, theme=3, content=环境的考试那可能, serialVersionUID=1]
2020-03-27 14:34:40 下午 [Thread: http-nio-8888-exec-1][ Class:druid.sql.Connection >> Method: com.alibaba.druid.filter.logging.Log4jFilter.connectionLog(Log4jFilter.java:132) ]
DEBUG:{conn-10001} pool-connect
2020-03-27 14:34:40 下午 [Thread: http-nio-8888-exec-1][ Class:druid.sql.Statement >> Method: com.alibaba.druid.filter.logging.Log4jFilter.statementLog(Log4jFilter.java:137) ]
DEBUG:{conn-10001, pstmt-20000} created. insert into release (uid, openid, createtime, 
      weather, mood, location, 
      music, musicurl, theme, 
      content)
    values (?, ?, ?, 
      ?, ?, ?, 
      ?, ?, ?, 
      ?)
2020-03-27 14:34:40 下午 [Thread: http-nio-8888-exec-1][ Class:druid.sql.Statement >> Method: com.alibaba.druid.filter.logging.Log4jFilter.statementLog(Log4jFilter.java:137) ]
DEBUG:{conn-10001, pstmt-20000} Parameters : [2341, 2341, 2020-03-26, 1, 2, fsav, 1, https://www.baidu.com/, 3, 环境的考试那可能]
2020-03-27 14:34:40 下午 [Thread: http-nio-8888-exec-1][ Class:druid.sql.Statement >> Method: com.alibaba.druid.filter.logging.Log4jFilter.statementLog(Log4jFilter.java:137) ]
DEBUG:{conn-10001, pstmt-20000} Types : [INTEGER, VARCHAR, VARCHAR, INTEGER, INTEGER, VARCHAR, INTEGER, VARCHAR, INTEGER, VARCHAR]
2020-03-27 14:34:40 下午 [Thread: http-nio-8888-exec-1][ Class:druid.sql.Statement >> Method: com.alibaba.druid.filter.logging.Log4jFilter.statementLogError(Log4jFilter.java:152) ]
ERROR:{conn-10001, pstmt-20000} execute error. insert into release (uid, openid, createtime, 
      weather, mood, location, 
      music, musicurl, theme, 
      content)
    values (?, ?, ?, 
      ?, ?, ?, 
      ?, ?, ?, 
      ?)
java.sql.SQLSyntaxErrorException: You have an error in your SQL syntax; check the manual that corresponds to your MySQL server version for the right syntax to use near 'release (uid, openid, createtime, 
      weather, mood, location, 
      music, ' at line 1
	at com.mysql.cj.jdbc.exceptions.SQLError.createSQLException(SQLError.java:120)
	at com.mysql.cj.jdbc.exceptions.SQLError.createSQLException(SQLError.java:97)
	at com.mysql.cj.jdbc.exceptions.SQLExceptionsMapping.translateException(SQLExceptionsMapping.java:122)
	at com.mysql.cj.jdbc.ClientPreparedStatement.executeInternal(ClientPreparedStatement.java:974)
	at com.mysql.cj.jdbc.ClientPreparedStatement.execute(ClientPreparedStatement.java:391)
	at com.alibaba.druid.filter.FilterChainImpl.preparedStatement_execute(FilterChainImpl.java:3409)
	at com.alibaba.druid.filter.FilterEventAdapter.preparedStatement_execute(FilterEventAdapter.java:440)
	at com.alibaba.druid.filter.FilterChainImpl.preparedStatement_execute(FilterChainImpl.java:3407)
	at com.alibaba.druid.filter.FilterEventAdapter.preparedStatement_execute(FilterEventAdapter.java:440)
	at com.alibaba.druid.filter.FilterChainImpl.preparedStatement_execute(FilterChainImpl.java:3407)
	at com.alibaba.druid.proxy.jdbc.PreparedStatementProxyImpl.execute(PreparedStatementProxyImpl.java:167)
	at com.alibaba.druid.pool.DruidPooledPreparedStatement.execute(DruidPooledPreparedStatement.java:497)
	at org.apache.ibatis.executor.statement.PreparedStatementHandler.update(PreparedStatementHandler.java:47)
	at org.apache.ibatis.executor.statement.RoutingStatementHandler.update(RoutingStatementHandler.java:74)
	at org.apache.ibatis.executor.ReuseExecutor.doUpdate(ReuseExecutor.java:52)
	at org.apache.ibatis.executor.BaseExecutor.update(BaseExecutor.java:117)
	at org.apache.ibatis.executor.CachingExecutor.update(CachingExecutor.java:76)
	at org.apache.ibatis.session.defaults.DefaultSqlSession.update(DefaultSqlSession.java:197)
	at org.apache.ibatis.session.defaults.DefaultSqlSession.insert(DefaultSqlSession.java:184)
	at java.base/jdk.internal.reflect.NativeMethodAccessorImpl.invoke0(Native Method)
	at java.base/jdk.internal.reflect.NativeMethodAccessorImpl.invoke(NativeMethodAccessorImpl.java:62)
	at java.base/jdk.internal.reflect.DelegatingMethodAccessorImpl.invoke(DelegatingMethodAccessorImpl.java:43)
	at java.base/java.lang.reflect.Method.invoke(Method.java:566)
	at org.mybatis.spring.SqlSessionTemplate$SqlSessionInterceptor.invoke(SqlSessionTemplate.java:433)
	at com.sun.proxy.$Proxy57.insert(Unknown Source)
	at org.mybatis.spring.SqlSessionTemplate.insert(SqlSessionTemplate.java:278)
	at org.apache.ibatis.binding.MapperMethod.execute(MapperMethod.java:62)
	at org.apache.ibatis.binding.MapperProxy.invoke(MapperProxy.java:58)
	at com.sun.proxy.$Proxy58.insert(Unknown Source)
	at java.base/jdk.internal.reflect.NativeMethodAccessorImpl.invoke0(Native Method)
	at java.base/jdk.internal.reflect.NativeMethodAccessorImpl.invoke(NativeMethodAccessorImpl.java:62)
	at java.base/jdk.internal.reflect.DelegatingMethodAccessorImpl.invoke(DelegatingMethodAccessorImpl.java:43)
	at java.base/java.lang.reflect.Method.invoke(Method.java:566)
	at org.springframework.aop.support.AopUtils.invokeJoinpointUsingReflection(AopUtils.java:343)
	at org.springframework.aop.framework.ReflectiveMethodInvocation.invokeJoinpoint(ReflectiveMethodInvocation.java:198)
	at org.springframework.aop.framework.ReflectiveMethodInvocation.proceed(ReflectiveMethodInvocation.java:163)
	at org.springframework.dao.support.PersistenceExceptionTranslationInterceptor.invoke(PersistenceExceptionTranslationInterceptor.java:139)
	at org.springframework.aop.framework.ReflectiveMethodInvocation.proceed(ReflectiveMethodInvocation.java:186)
	at org.springframework.aop.framework.JdkDynamicAopProxy.invoke(JdkDynamicAopProxy.java:212)
	at com.sun.proxy.$Proxy59.insert(Unknown Source)
	at com.hl.diary.service.impl.ReleaseServiceImpl.insertSelective(ReleaseServiceImpl.java:16)
	at com.hl.diary.controller.release.ReleaseController.addContent(ReleaseController.java:23)
	at java.base/jdk.internal.reflect.NativeMethodAccessorImpl.invoke0(Native Method)
	at java.base/jdk.internal.reflect.NativeMethodAccessorImpl.invoke(NativeMethodAccessorImpl.java:62)
	at java.base/jdk.internal.reflect.DelegatingMethodAccessorImpl.invoke(DelegatingMethodAccessorImpl.java:43)
	at java.base/java.lang.reflect.Method.invoke(Method.java:566)
	at org.springframework.web.method.support.InvocableHandlerMethod.doInvoke(InvocableHandlerMethod.java:215)
	at org.springframework.web.method.support.InvocableHandlerMethod.invokeForRequest(InvocableHandlerMethod.java:142)
	at org.springframework.web.servlet.mvc.method.annotation.ServletInvocableHandlerMethod.invokeAndHandle(ServletInvocableHandlerMethod.java:102)
	at org.springframework.web.servlet.mvc.method.annotation.RequestMappingHandlerAdapter.invokeHandlerMethod(RequestMappingHandlerAdapter.java:895)
	at org.springframework.web.servlet.mvc.method.annotation.RequestMappingHandlerAdapter.handleInternal(RequestMappingHandlerAdapter.java:800)
	at org.springframework.web.servlet.mvc.method.AbstractHandlerMethodAdapter.handle(AbstractHandlerMethodAdapter.java:87)
	at org.springframework.web.servlet.DispatcherServlet.doDispatch(DispatcherServlet.java:1038)
	at org.springframework.web.servlet.DispatcherServlet.doService(DispatcherServlet.java:942)
	at org.springframework.web.servlet.FrameworkServlet.processRequest(FrameworkServlet.java:998)
	at org.springframework.web.servlet.FrameworkServlet.doPost(FrameworkServlet.java:901)
	at javax.servlet.http.HttpServlet.service(HttpServlet.java:660)
	at org.springframework.web.servlet.FrameworkServlet.service(FrameworkServlet.java:875)
	at javax.servlet.http.HttpServlet.service(HttpServlet.java:741)
	at org.apache.catalina.core.ApplicationFilterChain.internalDoFilter(ApplicationFilterChain.java:231)
	at org.apache.catalina.core.ApplicationFilterChain.doFilter(ApplicationFilterChain.java:166)
	at org.apache.tomcat.websocket.server.WsFilter.doFilter(WsFilter.java:53)
	at org.apache.catalina.core.ApplicationFilterChain.internalDoFilter(ApplicationFilterChain.java:193)
	at org.apache.catalina.core.ApplicationFilterChain.doFilter(ApplicationFilterChain.java:166)
	at org.springframework.web.filter.RequestContextFilter.doFilterInternal(RequestContextFilter.java:99)
	at org.springframework.web.filter.OncePerRequestFilter.doFilter(OncePerRequestFilter.java:107)
	at org.apache.catalina.core.ApplicationFilterChain.internalDoFilter(ApplicationFilterChain.java:193)
	at org.apache.catalina.core.ApplicationFilterChain.doFilter(ApplicationFilterChain.java:166)
	at org.springframework.web.filter.FormContentFilter.doFilterInternal(FormContentFilter.java:92)
	at org.springframework.web.filter.OncePerRequestFilter.doFilter(OncePerRequestFilter.java:107)
	at org.apache.catalina.core.ApplicationFilterChain.internalDoFilter(ApplicationFilterChain.java:193)
	at org.apache.catalina.core.ApplicationFilterChain.doFilter(ApplicationFilterChain.java:166)
	at org.springframework.web.filter.HiddenHttpMethodFilter.doFilterInternal(HiddenHttpMethodFilter.java:93)
	at org.springframework.web.filter.OncePerRequestFilter.doFilter(OncePerRequestFilter.java:107)
	at org.apache.catalina.core.ApplicationFilterChain.internalDoFilter(ApplicationFilterChain.java:193)
	at org.apache.catalina.core.ApplicationFilterChain.doFilter(ApplicationFilterChain.java:166)
	at org.springframework.web.filter.CharacterEncodingFilter.doFilterInternal(CharacterEncodingFilter.java:200)
	at org.springframework.web.filter.OncePerRequestFilter.doFilter(OncePerRequestFilter.java:107)
	at org.apache.catalina.core.ApplicationFilterChain.internalDoFilter(ApplicationFilterChain.java:193)
	at org.apache.catalina.core.ApplicationFilterChain.doFilter(ApplicationFilterChain.java:166)
	at org.apache.catalina.core.StandardWrapperValve.invoke(StandardWrapperValve.java:199)
	at org.apache.catalina.core.StandardContextValve.invoke(StandardContextValve.java:96)
	at org.apache.catalina.authenticator.AuthenticatorBase.invoke(AuthenticatorBase.java:490)
	at org.apache.catalina.core.StandardHostValve.invoke(StandardHostValve.java:139)
	at org.apache.catalina.valves.ErrorReportValve.invoke(ErrorReportValve.java:92)
	at org.apache.catalina.core.StandardEngineValve.invoke(StandardEngineValve.java:74)
	at org.apache.catalina.connector.CoyoteAdapter.service(CoyoteAdapter.java:343)
	at org.apache.coyote.http11.Http11Processor.service(Http11Processor.java:408)
	at org.apache.coyote.AbstractProcessorLight.process(AbstractProcessorLight.java:66)
	at org.apache.coyote.AbstractProtocol$ConnectionHandler.process(AbstractProtocol.java:770)
	at org.apache.tomcat.util.net.NioEndpoint$SocketProcessor.doRun(NioEndpoint.java:1415)
	at org.apache.tomcat.util.net.SocketProcessorBase.run(SocketProcessorBase.java:49)
	at java.base/java.util.concurrent.ThreadPoolExecutor.runWorker(ThreadPoolExecutor.java:1128)
	at java.base/java.util.concurrent.ThreadPoolExecutor$Worker.run(ThreadPoolExecutor.java:628)
	at org.apache.tomcat.util.threads.TaskThread$WrappingRunnable.run(TaskThread.java:61)
	at java.base/java.lang.Thread.run(Thread.java:834)
2020-03-27 14:34:40 下午 [Thread: http-nio-8888-exec-1][ Class:druid.sql.Statement >> Method: com.alibaba.druid.filter.logging.Log4jFilter.statementLog(Log4jFilter.java:137) ]
DEBUG:{conn-10001, pstmt-20000} clearParameters. 
2020-03-27 14:34:40 下午 [Thread: http-nio-8888-exec-1][ Class:druid.sql.Statement >> Method: com.alibaba.druid.filter.logging.Log4jFilter.statementLog(Log4jFilter.java:137) ]
DEBUG:{conn-10001, pstmt-20000} closed
2020-03-27 14:34:40 下午 [Thread: http-nio-8888-exec-1][ Class:druid.sql.Connection >> Method: com.alibaba.druid.filter.logging.Log4jFilter.connectionLog(Log4jFilter.java:132) ]
DEBUG:{conn-10001} pool-recycle
2020-03-27 14:34:40 下午 [Thread: http-nio-8888-exec-1][ Class:druid.sql.Connection >> Method: com.alibaba.druid.filter.logging.Log4jFilter.connectionLog(Log4jFilter.java:132) ]
DEBUG:{conn-10001} pool-connect
2020-03-27 14:34:40 下午 [Thread: http-nio-8888-exec-1][ Class:druid.sql.Connection >> Method: com.alibaba.druid.filter.logging.Log4jFilter.connectionLog(Log4jFilter.java:132) ]
DEBUG:{conn-10001} pool-recycle
2020-03-27 14:36:56 下午 [Thread: main][ Class:druid.sql.Connection >> Method: com.alibaba.druid.filter.logging.Log4jFilter.connectionLog(Log4jFilter.java:132) ]
DEBUG:{conn-10001,procId-35} connected
2020-03-27 14:37:07 下午 [Thread: http-nio-8888-exec-2][ Class:com.hl.diary.controller.release.ReleaseController >> Method: com.hl.diary.controller.release.ReleaseController.addContent(ReleaseController.java:23) ]
DEBUG:xxxxxxxxx1>{"content":"环境的考试那可能","createtime":"2020-03-26","location":"fsav","mood":2,"music":1,"musicurl":"https://www.baidu.com/","openid":"2341","theme":3,"uid":2341,"weather":1}
2020-03-27 14:37:40 下午 [Thread: http-nio-8888-exec-2][ Class:druid.sql.Connection >> Method: com.alibaba.druid.filter.logging.Log4jFilter.connectionLog(Log4jFilter.java:132) ]
DEBUG:{conn-10001} pool-connect
2020-03-27 14:37:40 下午 [Thread: http-nio-8888-exec-2][ Class:druid.sql.Statement >> Method: com.alibaba.druid.filter.logging.Log4jFilter.statementLog(Log4jFilter.java:137) ]
DEBUG:{conn-10001, pstmt-20000} created. insert into release (uid, openid, createtime, 
      weather, mood, location, 
      music, musicurl, theme, 
      content)
    values (?, ?, ?, 
      ?, ?, ?, 
      ?, ?, ?, 
      ?)
2020-03-27 14:37:40 下午 [Thread: http-nio-8888-exec-2][ Class:druid.sql.Statement >> Method: com.alibaba.druid.filter.logging.Log4jFilter.statementLog(Log4jFilter.java:137) ]
DEBUG:{conn-10001, pstmt-20000} Parameters : [2341, 2341, 2020-03-26, 1, 2, fsav, 1, https://www.baidu.com/, 3, 环境的考试那可能]
2020-03-27 14:37:40 下午 [Thread: http-nio-8888-exec-2][ Class:druid.sql.Statement >> Method: com.alibaba.druid.filter.logging.Log4jFilter.statementLog(Log4jFilter.java:137) ]
DEBUG:{conn-10001, pstmt-20000} Types : [INTEGER, VARCHAR, VARCHAR, INTEGER, INTEGER, VARCHAR, INTEGER, VARCHAR, INTEGER, VARCHAR]
2020-03-27 14:37:40 下午 [Thread: http-nio-8888-exec-2][ Class:druid.sql.Statement >> Method: com.alibaba.druid.filter.logging.Log4jFilter.statementLogError(Log4jFilter.java:152) ]
ERROR:{conn-10001, pstmt-20000} execute error. insert into release (uid, openid, createtime, 
      weather, mood, location, 
      music, musicurl, theme, 
      content)
    values (?, ?, ?, 
      ?, ?, ?, 
      ?, ?, ?, 
      ?)
java.sql.SQLSyntaxErrorException: You have an error in your SQL syntax; check the manual that corresponds to your MySQL server version for the right syntax to use near 'release (uid, openid, createtime, 
      weather, mood, location, 
      music, ' at line 1
	at com.mysql.cj.jdbc.exceptions.SQLError.createSQLException(SQLError.java:120)
	at com.mysql.cj.jdbc.exceptions.SQLError.createSQLException(SQLError.java:97)
	at com.mysql.cj.jdbc.exceptions.SQLExceptionsMapping.translateException(SQLExceptionsMapping.java:122)
	at com.mysql.cj.jdbc.ClientPreparedStatement.executeInternal(ClientPreparedStatement.java:974)
	at com.mysql.cj.jdbc.ClientPreparedStatement.execute(ClientPreparedStatement.java:391)
	at com.alibaba.druid.filter.FilterChainImpl.preparedStatement_execute(FilterChainImpl.java:3409)
	at com.alibaba.druid.filter.FilterEventAdapter.preparedStatement_execute(FilterEventAdapter.java:440)
	at com.alibaba.druid.filter.FilterChainImpl.preparedStatement_execute(FilterChainImpl.java:3407)
	at com.alibaba.druid.filter.FilterEventAdapter.preparedStatement_execute(FilterEventAdapter.java:440)
	at com.alibaba.druid.filter.FilterChainImpl.preparedStatement_execute(FilterChainImpl.java:3407)
	at com.alibaba.druid.proxy.jdbc.PreparedStatementProxyImpl.execute(PreparedStatementProxyImpl.java:167)
	at com.alibaba.druid.pool.DruidPooledPreparedStatement.execute(DruidPooledPreparedStatement.java:497)
	at org.apache.ibatis.executor.statement.PreparedStatementHandler.update(PreparedStatementHandler.java:47)
	at org.apache.ibatis.executor.statement.RoutingStatementHandler.update(RoutingStatementHandler.java:74)
	at org.apache.ibatis.executor.ReuseExecutor.doUpdate(ReuseExecutor.java:52)
	at org.apache.ibatis.executor.BaseExecutor.update(BaseExecutor.java:117)
	at org.apache.ibatis.executor.CachingExecutor.update(CachingExecutor.java:76)
	at org.apache.ibatis.session.defaults.DefaultSqlSession.update(DefaultSqlSession.java:197)
	at org.apache.ibatis.session.defaults.DefaultSqlSession.insert(DefaultSqlSession.java:184)
	at java.base/jdk.internal.reflect.NativeMethodAccessorImpl.invoke0(Native Method)
	at java.base/jdk.internal.reflect.NativeMethodAccessorImpl.invoke(NativeMethodAccessorImpl.java:62)
	at java.base/jdk.internal.reflect.DelegatingMethodAccessorImpl.invoke(DelegatingMethodAccessorImpl.java:43)
	at java.base/java.lang.reflect.Method.invoke(Method.java:566)
	at org.mybatis.spring.SqlSessionTemplate$SqlSessionInterceptor.invoke(SqlSessionTemplate.java:433)
	at com.sun.proxy.$Proxy57.insert(Unknown Source)
	at org.mybatis.spring.SqlSessionTemplate.insert(SqlSessionTemplate.java:278)
	at org.apache.ibatis.binding.MapperMethod.execute(MapperMethod.java:62)
	at org.apache.ibatis.binding.MapperProxy.invoke(MapperProxy.java:58)
	at com.sun.proxy.$Proxy58.insert(Unknown Source)
	at java.base/jdk.internal.reflect.NativeMethodAccessorImpl.invoke0(Native Method)
	at java.base/jdk.internal.reflect.NativeMethodAccessorImpl.invoke(NativeMethodAccessorImpl.java:62)
	at java.base/jdk.internal.reflect.DelegatingMethodAccessorImpl.invoke(DelegatingMethodAccessorImpl.java:43)
	at java.base/java.lang.reflect.Method.invoke(Method.java:566)
	at org.springframework.aop.support.AopUtils.invokeJoinpointUsingReflection(AopUtils.java:343)
	at org.springframework.aop.framework.ReflectiveMethodInvocation.invokeJoinpoint(ReflectiveMethodInvocation.java:198)
	at org.springframework.aop.framework.ReflectiveMethodInvocation.proceed(ReflectiveMethodInvocation.java:163)
	at org.springframework.dao.support.PersistenceExceptionTranslationInterceptor.invoke(PersistenceExceptionTranslationInterceptor.java:139)
	at org.springframework.aop.framework.ReflectiveMethodInvocation.proceed(ReflectiveMethodInvocation.java:186)
	at org.springframework.aop.framework.JdkDynamicAopProxy.invoke(JdkDynamicAopProxy.java:212)
	at com.sun.proxy.$Proxy59.insert(Unknown Source)
	at com.hl.diary.service.impl.ReleaseServiceImpl.insertSelective(ReleaseServiceImpl.java:16)
	at com.hl.diary.controller.release.ReleaseController.addContent(ReleaseController.java:24)
	at java.base/jdk.internal.reflect.NativeMethodAccessorImpl.invoke0(Native Method)
	at java.base/jdk.internal.reflect.NativeMethodAccessorImpl.invoke(NativeMethodAccessorImpl.java:62)
	at java.base/jdk.internal.reflect.DelegatingMethodAccessorImpl.invoke(DelegatingMethodAccessorImpl.java:43)
	at java.base/java.lang.reflect.Method.invoke(Method.java:566)
	at org.springframework.web.method.support.InvocableHandlerMethod.doInvoke(InvocableHandlerMethod.java:215)
	at org.springframework.web.method.support.InvocableHandlerMethod.invokeForRequest(InvocableHandlerMethod.java:142)
	at org.springframework.web.servlet.mvc.method.annotation.ServletInvocableHandlerMethod.invokeAndHandle(ServletInvocableHandlerMethod.java:102)
	at org.springframework.web.servlet.mvc.method.annotation.RequestMappingHandlerAdapter.invokeHandlerMethod(RequestMappingHandlerAdapter.java:895)
	at org.springframework.web.servlet.mvc.method.annotation.RequestMappingHandlerAdapter.handleInternal(RequestMappingHandlerAdapter.java:800)
	at org.springframework.web.servlet.mvc.method.AbstractHandlerMethodAdapter.handle(AbstractHandlerMethodAdapter.java:87)
	at org.springframework.web.servlet.DispatcherServlet.doDispatch(DispatcherServlet.java:1038)
	at org.springframework.web.servlet.DispatcherServlet.doService(DispatcherServlet.java:942)
	at org.springframework.web.servlet.FrameworkServlet.processRequest(FrameworkServlet.java:998)
	at org.springframework.web.servlet.FrameworkServlet.doPost(FrameworkServlet.java:901)
	at javax.servlet.http.HttpServlet.service(HttpServlet.java:660)
	at org.springframework.web.servlet.FrameworkServlet.service(FrameworkServlet.java:875)
	at javax.servlet.http.HttpServlet.service(HttpServlet.java:741)
	at org.apache.catalina.core.ApplicationFilterChain.internalDoFilter(ApplicationFilterChain.java:231)
	at org.apache.catalina.core.ApplicationFilterChain.doFilter(ApplicationFilterChain.java:166)
	at org.apache.tomcat.websocket.server.WsFilter.doFilter(WsFilter.java:53)
	at org.apache.catalina.core.ApplicationFilterChain.internalDoFilter(ApplicationFilterChain.java:193)
	at org.apache.catalina.core.ApplicationFilterChain.doFilter(ApplicationFilterChain.java:166)
	at org.springframework.web.filter.RequestContextFilter.doFilterInternal(RequestContextFilter.java:99)
	at org.springframework.web.filter.OncePerRequestFilter.doFilter(OncePerRequestFilter.java:107)
	at org.apache.catalina.core.ApplicationFilterChain.internalDoFilter(ApplicationFilterChain.java:193)
	at org.apache.catalina.core.ApplicationFilterChain.doFilter(ApplicationFilterChain.java:166)
	at org.springframework.web.filter.FormContentFilter.doFilterInternal(FormContentFilter.java:92)
	at org.springframework.web.filter.OncePerRequestFilter.doFilter(OncePerRequestFilter.java:107)
	at org.apache.catalina.core.ApplicationFilterChain.internalDoFilter(ApplicationFilterChain.java:193)
	at org.apache.catalina.core.ApplicationFilterChain.doFilter(ApplicationFilterChain.java:166)
	at org.springframework.web.filter.HiddenHttpMethodFilter.doFilterInternal(HiddenHttpMethodFilter.java:93)
	at org.springframework.web.filter.OncePerRequestFilter.doFilter(OncePerRequestFilter.java:107)
	at org.apache.catalina.core.ApplicationFilterChain.internalDoFilter(ApplicationFilterChain.java:193)
	at org.apache.catalina.core.ApplicationFilterChain.doFilter(ApplicationFilterChain.java:166)
	at org.springframework.web.filter.CharacterEncodingFilter.doFilterInternal(CharacterEncodingFilter.java:200)
	at org.springframework.web.filter.OncePerRequestFilter.doFilter(OncePerRequestFilter.java:107)
	at org.apache.catalina.core.ApplicationFilterChain.internalDoFilter(ApplicationFilterChain.java:193)
	at org.apache.catalina.core.ApplicationFilterChain.doFilter(ApplicationFilterChain.java:166)
	at org.apache.catalina.core.StandardWrapperValve.invoke(StandardWrapperValve.java:199)
	at org.apache.catalina.core.StandardContextValve.invoke(StandardContextValve.java:96)
	at org.apache.catalina.authenticator.AuthenticatorBase.invoke(AuthenticatorBase.java:490)
	at org.apache.catalina.core.StandardHostValve.invoke(StandardHostValve.java:139)
	at org.apache.catalina.valves.ErrorReportValve.invoke(ErrorReportValve.java:92)
	at org.apache.catalina.core.StandardEngineValve.invoke(StandardEngineValve.java:74)
	at org.apache.catalina.connector.CoyoteAdapter.service(CoyoteAdapter.java:343)
	at org.apache.coyote.http11.Http11Processor.service(Http11Processor.java:408)
	at org.apache.coyote.AbstractProcessorLight.process(AbstractProcessorLight.java:66)
	at org.apache.coyote.AbstractProtocol$ConnectionHandler.process(AbstractProtocol.java:770)
	at org.apache.tomcat.util.net.NioEndpoint$SocketProcessor.doRun(NioEndpoint.java:1415)
	at org.apache.tomcat.util.net.SocketProcessorBase.run(SocketProcessorBase.java:49)
	at java.base/java.util.concurrent.ThreadPoolExecutor.runWorker(ThreadPoolExecutor.java:1128)
	at java.base/java.util.concurrent.ThreadPoolExecutor$Worker.run(ThreadPoolExecutor.java:628)
	at org.apache.tomcat.util.threads.TaskThread$WrappingRunnable.run(TaskThread.java:61)
	at java.base/java.lang.Thread.run(Thread.java:834)
2020-03-27 14:37:40 下午 [Thread: http-nio-8888-exec-2][ Class:druid.sql.Statement >> Method: com.alibaba.druid.filter.logging.Log4jFilter.statementLog(Log4jFilter.java:137) ]
DEBUG:{conn-10001, pstmt-20000} clearParameters. 
2020-03-27 14:37:40 下午 [Thread: http-nio-8888-exec-2][ Class:druid.sql.Statement >> Method: com.alibaba.druid.filter.logging.Log4jFilter.statementLog(Log4jFilter.java:137) ]
DEBUG:{conn-10001, pstmt-20000} closed
2020-03-27 14:37:40 下午 [Thread: http-nio-8888-exec-2][ Class:druid.sql.Connection >> Method: com.alibaba.druid.filter.logging.Log4jFilter.connectionLog(Log4jFilter.java:132) ]
DEBUG:{conn-10001} pool-recycle
2020-03-27 14:37:40 下午 [Thread: http-nio-8888-exec-2][ Class:druid.sql.Connection >> Method: com.alibaba.druid.filter.logging.Log4jFilter.connectionLog(Log4jFilter.java:132) ]
DEBUG:{conn-10001} pool-connect
2020-03-27 14:37:40 下午 [Thread: http-nio-8888-exec-2][ Class:druid.sql.Connection >> Method: com.alibaba.druid.filter.logging.Log4jFilter.connectionLog(Log4jFilter.java:132) ]
DEBUG:{conn-10001} pool-recycle
2020-03-27 14:39:35 下午 [Thread: Thread-2][ Class:druid.sql.Connection >> Method: com.alibaba.druid.filter.logging.Log4jFilter.connectionLog(Log4jFilter.java:132) ]
DEBUG:{conn-10001} closed
2020-03-27 14:39:46 下午 [Thread: main][ Class:druid.sql.Connection >> Method: com.alibaba.druid.filter.logging.Log4jFilter.connectionLog(Log4jFilter.java:132) ]
DEBUG:{conn-10001,procId-36} connected
2020-03-27 14:40:03 下午 [Thread: http-nio-8888-exec-2][ Class:com.hl.diary.controller.release.ReleaseController >> Method: com.hl.diary.controller.release.ReleaseController.addContent(ReleaseController.java:23) ]
DEBUG:xxxxxxxxx1>{"content":"环境的考试那可能","createtime":"2020-03-26","location":"fsav","mood":2,"music":1,"musicurl":"https://www.baidu.com/","openid":"2341","theme":3,"uid":2341,"weather":1}
2020-03-27 14:40:09 下午 [Thread: http-nio-8888-exec-2][ Class:druid.sql.Connection >> Method: com.alibaba.druid.filter.logging.Log4jFilter.connectionLog(Log4jFilter.java:132) ]
DEBUG:{conn-10001} pool-connect
2020-03-27 14:40:09 下午 [Thread: http-nio-8888-exec-2][ Class:druid.sql.Statement >> Method: com.alibaba.druid.filter.logging.Log4jFilter.statementLog(Log4jFilter.java:137) ]
DEBUG:{conn-10001, pstmt-20000} created. insert into release
     ( uid,
      
      
        openid,
      
      
        createtime,
      
      
        weather,
      
      
        mood,
      
      
        location,
      
      
        music,
      
      
        musicurl,
      
      
        theme,
      
      
        content ) 
     values ( ?,
      
      
        ?,
      
      
        ?,
      
      
        ?,
      
      
        ?,
      
      
        ?,
      
      
        ?,
      
      
        ?,
      
      
        ?,
      
      
        ? )
2020-03-27 14:40:09 下午 [Thread: http-nio-8888-exec-2][ Class:druid.sql.Statement >> Method: com.alibaba.druid.filter.logging.Log4jFilter.statementLog(Log4jFilter.java:137) ]
DEBUG:{conn-10001, pstmt-20000} Parameters : [2341, 2341, 2020-03-26, 1, 2, fsav, 1, https://www.baidu.com/, 3, 环境的考试那可能]
2020-03-27 14:40:09 下午 [Thread: http-nio-8888-exec-2][ Class:druid.sql.Statement >> Method: com.alibaba.druid.filter.logging.Log4jFilter.statementLog(Log4jFilter.java:137) ]
DEBUG:{conn-10001, pstmt-20000} Types : [INTEGER, VARCHAR, VARCHAR, INTEGER, INTEGER, VARCHAR, INTEGER, VARCHAR, INTEGER, VARCHAR]
2020-03-27 14:40:09 下午 [Thread: http-nio-8888-exec-2][ Class:druid.sql.Statement >> Method: com.alibaba.druid.filter.logging.Log4jFilter.statementLogError(Log4jFilter.java:152) ]
ERROR:{conn-10001, pstmt-20000} execute error. insert into release
     ( uid,
      
      
        openid,
      
      
        createtime,
      
      
        weather,
      
      
        mood,
      
      
        location,
      
      
        music,
      
      
        musicurl,
      
      
        theme,
      
      
        content ) 
     values ( ?,
      
      
        ?,
      
      
        ?,
      
      
        ?,
      
      
        ?,
      
      
        ?,
      
      
        ?,
      
      
        ?,
      
      
        ?,
      
      
        ? )
java.sql.SQLSyntaxErrorException: You have an error in your SQL syntax; check the manual that corresponds to your MySQL server version for the right syntax to use near 'release
     ( uid,
      
      
        openid,
      
      
        createti' at line 1
	at com.mysql.cj.jdbc.exceptions.SQLError.createSQLException(SQLError.java:120)
	at com.mysql.cj.jdbc.exceptions.SQLError.createSQLException(SQLError.java:97)
	at com.mysql.cj.jdbc.exceptions.SQLExceptionsMapping.translateException(SQLExceptionsMapping.java:122)
	at com.mysql.cj.jdbc.ClientPreparedStatement.executeInternal(ClientPreparedStatement.java:974)
	at com.mysql.cj.jdbc.ClientPreparedStatement.execute(ClientPreparedStatement.java:391)
	at com.alibaba.druid.filter.FilterChainImpl.preparedStatement_execute(FilterChainImpl.java:3409)
	at com.alibaba.druid.filter.FilterEventAdapter.preparedStatement_execute(FilterEventAdapter.java:440)
	at com.alibaba.druid.filter.FilterChainImpl.preparedStatement_execute(FilterChainImpl.java:3407)
	at com.alibaba.druid.filter.FilterEventAdapter.preparedStatement_execute(FilterEventAdapter.java:440)
	at com.alibaba.druid.filter.FilterChainImpl.preparedStatement_execute(FilterChainImpl.java:3407)
	at com.alibaba.druid.proxy.jdbc.PreparedStatementProxyImpl.execute(PreparedStatementProxyImpl.java:167)
	at com.alibaba.druid.pool.DruidPooledPreparedStatement.execute(DruidPooledPreparedStatement.java:497)
	at org.apache.ibatis.executor.statement.PreparedStatementHandler.update(PreparedStatementHandler.java:47)
	at org.apache.ibatis.executor.statement.RoutingStatementHandler.update(RoutingStatementHandler.java:74)
	at org.apache.ibatis.executor.ReuseExecutor.doUpdate(ReuseExecutor.java:52)
	at org.apache.ibatis.executor.BaseExecutor.update(BaseExecutor.java:117)
	at org.apache.ibatis.executor.CachingExecutor.update(CachingExecutor.java:76)
	at org.apache.ibatis.session.defaults.DefaultSqlSession.update(DefaultSqlSession.java:197)
	at org.apache.ibatis.session.defaults.DefaultSqlSession.insert(DefaultSqlSession.java:184)
	at java.base/jdk.internal.reflect.NativeMethodAccessorImpl.invoke0(Native Method)
	at java.base/jdk.internal.reflect.NativeMethodAccessorImpl.invoke(NativeMethodAccessorImpl.java:62)
	at java.base/jdk.internal.reflect.DelegatingMethodAccessorImpl.invoke(DelegatingMethodAccessorImpl.java:43)
	at java.base/java.lang.reflect.Method.invoke(Method.java:566)
	at org.mybatis.spring.SqlSessionTemplate$SqlSessionInterceptor.invoke(SqlSessionTemplate.java:433)
	at com.sun.proxy.$Proxy57.insert(Unknown Source)
	at org.mybatis.spring.SqlSessionTemplate.insert(SqlSessionTemplate.java:278)
	at org.apache.ibatis.binding.MapperMethod.execute(MapperMethod.java:62)
	at org.apache.ibatis.binding.MapperProxy.invoke(MapperProxy.java:58)
	at com.sun.proxy.$Proxy58.insertSelective(Unknown Source)
	at java.base/jdk.internal.reflect.NativeMethodAccessorImpl.invoke0(Native Method)
	at java.base/jdk.internal.reflect.NativeMethodAccessorImpl.invoke(NativeMethodAccessorImpl.java:62)
	at java.base/jdk.internal.reflect.DelegatingMethodAccessorImpl.invoke(DelegatingMethodAccessorImpl.java:43)
	at java.base/java.lang.reflect.Method.invoke(Method.java:566)
	at org.springframework.aop.support.AopUtils.invokeJoinpointUsingReflection(AopUtils.java:343)
	at org.springframework.aop.framework.ReflectiveMethodInvocation.invokeJoinpoint(ReflectiveMethodInvocation.java:198)
	at org.springframework.aop.framework.ReflectiveMethodInvocation.proceed(ReflectiveMethodInvocation.java:163)
	at org.springframework.dao.support.PersistenceExceptionTranslationInterceptor.invoke(PersistenceExceptionTranslationInterceptor.java:139)
	at org.springframework.aop.framework.ReflectiveMethodInvocation.proceed(ReflectiveMethodInvocation.java:186)
	at org.springframework.aop.framework.JdkDynamicAopProxy.invoke(JdkDynamicAopProxy.java:212)
	at com.sun.proxy.$Proxy59.insertSelective(Unknown Source)
	at com.hl.diary.service.impl.ReleaseServiceImpl.insertSelective(ReleaseServiceImpl.java:16)
	at com.hl.diary.controller.release.ReleaseController.addContent(ReleaseController.java:24)
	at java.base/jdk.internal.reflect.NativeMethodAccessorImpl.invoke0(Native Method)
	at java.base/jdk.internal.reflect.NativeMethodAccessorImpl.invoke(NativeMethodAccessorImpl.java:62)
	at java.base/jdk.internal.reflect.DelegatingMethodAccessorImpl.invoke(DelegatingMethodAccessorImpl.java:43)
	at java.base/java.lang.reflect.Method.invoke(Method.java:566)
	at org.springframework.web.method.support.InvocableHandlerMethod.doInvoke(InvocableHandlerMethod.java:215)
	at org.springframework.web.method.support.InvocableHandlerMethod.invokeForRequest(InvocableHandlerMethod.java:142)
	at org.springframework.web.servlet.mvc.method.annotation.ServletInvocableHandlerMethod.invokeAndHandle(ServletInvocableHandlerMethod.java:102)
	at org.springframework.web.servlet.mvc.method.annotation.RequestMappingHandlerAdapter.invokeHandlerMethod(RequestMappingHandlerAdapter.java:895)
	at org.springframework.web.servlet.mvc.method.annotation.RequestMappingHandlerAdapter.handleInternal(RequestMappingHandlerAdapter.java:800)
	at org.springframework.web.servlet.mvc.method.AbstractHandlerMethodAdapter.handle(AbstractHandlerMethodAdapter.java:87)
	at org.springframework.web.servlet.DispatcherServlet.doDispatch(DispatcherServlet.java:1038)
	at org.springframework.web.servlet.DispatcherServlet.doService(DispatcherServlet.java:942)
	at org.springframework.web.servlet.FrameworkServlet.processRequest(FrameworkServlet.java:998)
	at org.springframework.web.servlet.FrameworkServlet.doPost(FrameworkServlet.java:901)
	at javax.servlet.http.HttpServlet.service(HttpServlet.java:660)
	at org.springframework.web.servlet.FrameworkServlet.service(FrameworkServlet.java:875)
	at javax.servlet.http.HttpServlet.service(HttpServlet.java:741)
	at org.apache.catalina.core.ApplicationFilterChain.internalDoFilter(ApplicationFilterChain.java:231)
	at org.apache.catalina.core.ApplicationFilterChain.doFilter(ApplicationFilterChain.java:166)
	at org.apache.tomcat.websocket.server.WsFilter.doFilter(WsFilter.java:53)
	at org.apache.catalina.core.ApplicationFilterChain.internalDoFilter(ApplicationFilterChain.java:193)
	at org.apache.catalina.core.ApplicationFilterChain.doFilter(ApplicationFilterChain.java:166)
	at org.springframework.web.filter.RequestContextFilter.doFilterInternal(RequestContextFilter.java:99)
	at org.springframework.web.filter.OncePerRequestFilter.doFilter(OncePerRequestFilter.java:107)
	at org.apache.catalina.core.ApplicationFilterChain.internalDoFilter(ApplicationFilterChain.java:193)
	at org.apache.catalina.core.ApplicationFilterChain.doFilter(ApplicationFilterChain.java:166)
	at org.springframework.web.filter.FormContentFilter.doFilterInternal(FormContentFilter.java:92)
	at org.springframework.web.filter.OncePerRequestFilter.doFilter(OncePerRequestFilter.java:107)
	at org.apache.catalina.core.ApplicationFilterChain.internalDoFilter(ApplicationFilterChain.java:193)
	at org.apache.catalina.core.ApplicationFilterChain.doFilter(ApplicationFilterChain.java:166)
	at org.springframework.web.filter.HiddenHttpMethodFilter.doFilterInternal(HiddenHttpMethodFilter.java:93)
	at org.springframework.web.filter.OncePerRequestFilter.doFilter(OncePerRequestFilter.java:107)
	at org.apache.catalina.core.ApplicationFilterChain.internalDoFilter(ApplicationFilterChain.java:193)
	at org.apache.catalina.core.ApplicationFilterChain.doFilter(ApplicationFilterChain.java:166)
	at org.springframework.web.filter.CharacterEncodingFilter.doFilterInternal(CharacterEncodingFilter.java:200)
	at org.springframework.web.filter.OncePerRequestFilter.doFilter(OncePerRequestFilter.java:107)
	at org.apache.catalina.core.ApplicationFilterChain.internalDoFilter(ApplicationFilterChain.java:193)
	at org.apache.catalina.core.ApplicationFilterChain.doFilter(ApplicationFilterChain.java:166)
	at org.apache.catalina.core.StandardWrapperValve.invoke(StandardWrapperValve.java:199)
	at org.apache.catalina.core.StandardContextValve.invoke(StandardContextValve.java:96)
	at org.apache.catalina.authenticator.AuthenticatorBase.invoke(AuthenticatorBase.java:490)
	at org.apache.catalina.core.StandardHostValve.invoke(StandardHostValve.java:139)
	at org.apache.catalina.valves.ErrorReportValve.invoke(ErrorReportValve.java:92)
	at org.apache.catalina.core.StandardEngineValve.invoke(StandardEngineValve.java:74)
	at org.apache.catalina.connector.CoyoteAdapter.service(CoyoteAdapter.java:343)
	at org.apache.coyote.http11.Http11Processor.service(Http11Processor.java:408)
	at org.apache.coyote.AbstractProcessorLight.process(AbstractProcessorLight.java:66)
	at org.apache.coyote.AbstractProtocol$ConnectionHandler.process(AbstractProtocol.java:770)
	at org.apache.tomcat.util.net.NioEndpoint$SocketProcessor.doRun(NioEndpoint.java:1415)
	at org.apache.tomcat.util.net.SocketProcessorBase.run(SocketProcessorBase.java:49)
	at java.base/java.util.concurrent.ThreadPoolExecutor.runWorker(ThreadPoolExecutor.java:1128)
	at java.base/java.util.concurrent.ThreadPoolExecutor$Worker.run(ThreadPoolExecutor.java:628)
	at org.apache.tomcat.util.threads.TaskThread$WrappingRunnable.run(TaskThread.java:61)
	at java.base/java.lang.Thread.run(Thread.java:834)
2020-03-27 14:40:09 下午 [Thread: http-nio-8888-exec-2][ Class:druid.sql.Statement >> Method: com.alibaba.druid.filter.logging.Log4jFilter.statementLog(Log4jFilter.java:137) ]
DEBUG:{conn-10001, pstmt-20000} clearParameters. 
2020-03-27 14:40:09 下午 [Thread: http-nio-8888-exec-2][ Class:druid.sql.Statement >> Method: com.alibaba.druid.filter.logging.Log4jFilter.statementLog(Log4jFilter.java:137) ]
DEBUG:{conn-10001, pstmt-20000} closed
2020-03-27 14:40:09 下午 [Thread: http-nio-8888-exec-2][ Class:druid.sql.Connection >> Method: com.alibaba.druid.filter.logging.Log4jFilter.connectionLog(Log4jFilter.java:132) ]
DEBUG:{conn-10001} pool-recycle
2020-03-27 14:40:09 下午 [Thread: http-nio-8888-exec-2][ Class:druid.sql.Connection >> Method: com.alibaba.druid.filter.logging.Log4jFilter.connectionLog(Log4jFilter.java:132) ]
DEBUG:{conn-10001} pool-connect
2020-03-27 14:40:09 下午 [Thread: http-nio-8888-exec-2][ Class:druid.sql.Connection >> Method: com.alibaba.druid.filter.logging.Log4jFilter.connectionLog(Log4jFilter.java:132) ]
DEBUG:{conn-10001} pool-recycle
2020-03-27 14:43:10 下午 [Thread: Thread-2][ Class:druid.sql.Connection >> Method: com.alibaba.druid.filter.logging.Log4jFilter.connectionLog(Log4jFilter.java:132) ]
DEBUG:{conn-10001} closed
2020-03-27 14:43:20 下午 [Thread: main][ Class:druid.sql.Connection >> Method: com.alibaba.druid.filter.logging.Log4jFilter.connectionLog(Log4jFilter.java:132) ]
DEBUG:{conn-10001,procId-38} connected
2020-03-27 14:43:32 下午 [Thread: http-nio-8888-exec-2][ Class:com.hl.diary.controller.release.ReleaseController >> Method: com.hl.diary.controller.release.ReleaseController.addContent(ReleaseController.java:23) ]
DEBUG:xxxxxxxxx1>{"content":"环境的考试那可能","createtime":"2020-03-26","location":"fsav","mood":2,"music":1,"musicurl":"https://www.baidu.com/","openid":"2341","theme":3,"uid":2341,"weather":1}
2020-03-27 14:43:32 下午 [Thread: http-nio-8888-exec-2][ Class:druid.sql.Connection >> Method: com.alibaba.druid.filter.logging.Log4jFilter.connectionLog(Log4jFilter.java:132) ]
DEBUG:{conn-10001} pool-connect
2020-03-27 14:43:32 下午 [Thread: http-nio-8888-exec-2][ Class:druid.sql.Statement >> Method: com.alibaba.druid.filter.logging.Log4jFilter.statementLog(Log4jFilter.java:137) ]
DEBUG:{conn-10001, pstmt-20000} created. insert into release (uid, openid,
      weather, mood, location, 
      music, musicurl, theme, 
      content)
    values (?, ?,
      ?, ?, ?, 
      ?, ?, ?, 
      ?)
2020-03-27 14:43:32 下午 [Thread: http-nio-8888-exec-2][ Class:druid.sql.Statement >> Method: com.alibaba.druid.filter.logging.Log4jFilter.statementLog(Log4jFilter.java:137) ]
DEBUG:{conn-10001, pstmt-20000} Parameters : [2341, 2341, 1, 2, fsav, 1, https://www.baidu.com/, 3, 环境的考试那可能]
2020-03-27 14:43:32 下午 [Thread: http-nio-8888-exec-2][ Class:druid.sql.Statement >> Method: com.alibaba.druid.filter.logging.Log4jFilter.statementLog(Log4jFilter.java:137) ]
DEBUG:{conn-10001, pstmt-20000} Types : [INTEGER, VARCHAR, INTEGER, INTEGER, VARCHAR, INTEGER, VARCHAR, INTEGER, VARCHAR]
2020-03-27 14:43:32 下午 [Thread: http-nio-8888-exec-2][ Class:druid.sql.Statement >> Method: com.alibaba.druid.filter.logging.Log4jFilter.statementLogError(Log4jFilter.java:152) ]
ERROR:{conn-10001, pstmt-20000} execute error. insert into release (uid, openid,
      weather, mood, location, 
      music, musicurl, theme, 
      content)
    values (?, ?,
      ?, ?, ?, 
      ?, ?, ?, 
      ?)
java.sql.SQLSyntaxErrorException: You have an error in your SQL syntax; check the manual that corresponds to your MySQL server version for the right syntax to use near 'release (uid, openid,
      weather, mood, location, 
      music, musicurl, the' at line 1
	at com.mysql.cj.jdbc.exceptions.SQLError.createSQLException(SQLError.java:120)
	at com.mysql.cj.jdbc.exceptions.SQLError.createSQLException(SQLError.java:97)
	at com.mysql.cj.jdbc.exceptions.SQLExceptionsMapping.translateException(SQLExceptionsMapping.java:122)
	at com.mysql.cj.jdbc.ClientPreparedStatement.executeInternal(ClientPreparedStatement.java:974)
	at com.mysql.cj.jdbc.ClientPreparedStatement.execute(ClientPreparedStatement.java:391)
	at com.alibaba.druid.filter.FilterChainImpl.preparedStatement_execute(FilterChainImpl.java:3409)
	at com.alibaba.druid.filter.FilterEventAdapter.preparedStatement_execute(FilterEventAdapter.java:440)
	at com.alibaba.druid.filter.FilterChainImpl.preparedStatement_execute(FilterChainImpl.java:3407)
	at com.alibaba.druid.filter.FilterEventAdapter.preparedStatement_execute(FilterEventAdapter.java:440)
	at com.alibaba.druid.filter.FilterChainImpl.preparedStatement_execute(FilterChainImpl.java:3407)
	at com.alibaba.druid.proxy.jdbc.PreparedStatementProxyImpl.execute(PreparedStatementProxyImpl.java:167)
	at com.alibaba.druid.pool.DruidPooledPreparedStatement.execute(DruidPooledPreparedStatement.java:497)
	at org.apache.ibatis.executor.statement.PreparedStatementHandler.update(PreparedStatementHandler.java:47)
	at org.apache.ibatis.executor.statement.RoutingStatementHandler.update(RoutingStatementHandler.java:74)
	at org.apache.ibatis.executor.ReuseExecutor.doUpdate(ReuseExecutor.java:52)
	at org.apache.ibatis.executor.BaseExecutor.update(BaseExecutor.java:117)
	at org.apache.ibatis.executor.CachingExecutor.update(CachingExecutor.java:76)
	at org.apache.ibatis.session.defaults.DefaultSqlSession.update(DefaultSqlSession.java:197)
	at org.apache.ibatis.session.defaults.DefaultSqlSession.insert(DefaultSqlSession.java:184)
	at java.base/jdk.internal.reflect.NativeMethodAccessorImpl.invoke0(Native Method)
	at java.base/jdk.internal.reflect.NativeMethodAccessorImpl.invoke(NativeMethodAccessorImpl.java:62)
	at java.base/jdk.internal.reflect.DelegatingMethodAccessorImpl.invoke(DelegatingMethodAccessorImpl.java:43)
	at java.base/java.lang.reflect.Method.invoke(Method.java:566)
	at org.mybatis.spring.SqlSessionTemplate$SqlSessionInterceptor.invoke(SqlSessionTemplate.java:433)
	at com.sun.proxy.$Proxy57.insert(Unknown Source)
	at org.mybatis.spring.SqlSessionTemplate.insert(SqlSessionTemplate.java:278)
	at org.apache.ibatis.binding.MapperMethod.execute(MapperMethod.java:62)
	at org.apache.ibatis.binding.MapperProxy.invoke(MapperProxy.java:58)
	at com.sun.proxy.$Proxy58.insert(Unknown Source)
	at java.base/jdk.internal.reflect.NativeMethodAccessorImpl.invoke0(Native Method)
	at java.base/jdk.internal.reflect.NativeMethodAccessorImpl.invoke(NativeMethodAccessorImpl.java:62)
	at java.base/jdk.internal.reflect.DelegatingMethodAccessorImpl.invoke(DelegatingMethodAccessorImpl.java:43)
	at java.base/java.lang.reflect.Method.invoke(Method.java:566)
	at org.springframework.aop.support.AopUtils.invokeJoinpointUsingReflection(AopUtils.java:343)
	at org.springframework.aop.framework.ReflectiveMethodInvocation.invokeJoinpoint(ReflectiveMethodInvocation.java:198)
	at org.springframework.aop.framework.ReflectiveMethodInvocation.proceed(ReflectiveMethodInvocation.java:163)
	at org.springframework.dao.support.PersistenceExceptionTranslationInterceptor.invoke(PersistenceExceptionTranslationInterceptor.java:139)
	at org.springframework.aop.framework.ReflectiveMethodInvocation.proceed(ReflectiveMethodInvocation.java:186)
	at org.springframework.aop.framework.JdkDynamicAopProxy.invoke(JdkDynamicAopProxy.java:212)
	at com.sun.proxy.$Proxy59.insert(Unknown Source)
	at com.hl.diary.service.impl.ReleaseServiceImpl.insertSelective(ReleaseServiceImpl.java:16)
	at com.hl.diary.controller.release.ReleaseController.addContent(ReleaseController.java:24)
	at java.base/jdk.internal.reflect.NativeMethodAccessorImpl.invoke0(Native Method)
	at java.base/jdk.internal.reflect.NativeMethodAccessorImpl.invoke(NativeMethodAccessorImpl.java:62)
	at java.base/jdk.internal.reflect.DelegatingMethodAccessorImpl.invoke(DelegatingMethodAccessorImpl.java:43)
	at java.base/java.lang.reflect.Method.invoke(Method.java:566)
	at org.springframework.web.method.support.InvocableHandlerMethod.doInvoke(InvocableHandlerMethod.java:215)
	at org.springframework.web.method.support.InvocableHandlerMethod.invokeForRequest(InvocableHandlerMethod.java:142)
	at org.springframework.web.servlet.mvc.method.annotation.ServletInvocableHandlerMethod.invokeAndHandle(ServletInvocableHandlerMethod.java:102)
	at org.springframework.web.servlet.mvc.method.annotation.RequestMappingHandlerAdapter.invokeHandlerMethod(RequestMappingHandlerAdapter.java:895)
	at org.springframework.web.servlet.mvc.method.annotation.RequestMappingHandlerAdapter.handleInternal(RequestMappingHandlerAdapter.java:800)
	at org.springframework.web.servlet.mvc.method.AbstractHandlerMethodAdapter.handle(AbstractHandlerMethodAdapter.java:87)
	at org.springframework.web.servlet.DispatcherServlet.doDispatch(DispatcherServlet.java:1038)
	at org.springframework.web.servlet.DispatcherServlet.doService(DispatcherServlet.java:942)
	at org.springframework.web.servlet.FrameworkServlet.processRequest(FrameworkServlet.java:998)
	at org.springframework.web.servlet.FrameworkServlet.doPost(FrameworkServlet.java:901)
	at javax.servlet.http.HttpServlet.service(HttpServlet.java:660)
	at org.springframework.web.servlet.FrameworkServlet.service(FrameworkServlet.java:875)
	at javax.servlet.http.HttpServlet.service(HttpServlet.java:741)
	at org.apache.catalina.core.ApplicationFilterChain.internalDoFilter(ApplicationFilterChain.java:231)
	at org.apache.catalina.core.ApplicationFilterChain.doFilter(ApplicationFilterChain.java:166)
	at org.apache.tomcat.websocket.server.WsFilter.doFilter(WsFilter.java:53)
	at org.apache.catalina.core.ApplicationFilterChain.internalDoFilter(ApplicationFilterChain.java:193)
	at org.apache.catalina.core.ApplicationFilterChain.doFilter(ApplicationFilterChain.java:166)
	at org.springframework.web.filter.RequestContextFilter.doFilterInternal(RequestContextFilter.java:99)
	at org.springframework.web.filter.OncePerRequestFilter.doFilter(OncePerRequestFilter.java:107)
	at org.apache.catalina.core.ApplicationFilterChain.internalDoFilter(ApplicationFilterChain.java:193)
	at org.apache.catalina.core.ApplicationFilterChain.doFilter(ApplicationFilterChain.java:166)
	at org.springframework.web.filter.FormContentFilter.doFilterInternal(FormContentFilter.java:92)
	at org.springframework.web.filter.OncePerRequestFilter.doFilter(OncePerRequestFilter.java:107)
	at org.apache.catalina.core.ApplicationFilterChain.internalDoFilter(ApplicationFilterChain.java:193)
	at org.apache.catalina.core.ApplicationFilterChain.doFilter(ApplicationFilterChain.java:166)
	at org.springframework.web.filter.HiddenHttpMethodFilter.doFilterInternal(HiddenHttpMethodFilter.java:93)
	at org.springframework.web.filter.OncePerRequestFilter.doFilter(OncePerRequestFilter.java:107)
	at org.apache.catalina.core.ApplicationFilterChain.internalDoFilter(ApplicationFilterChain.java:193)
	at org.apache.catalina.core.ApplicationFilterChain.doFilter(ApplicationFilterChain.java:166)
	at org.springframework.web.filter.CharacterEncodingFilter.doFilterInternal(CharacterEncodingFilter.java:200)
	at org.springframework.web.filter.OncePerRequestFilter.doFilter(OncePerRequestFilter.java:107)
	at org.apache.catalina.core.ApplicationFilterChain.internalDoFilter(ApplicationFilterChain.java:193)
	at org.apache.catalina.core.ApplicationFilterChain.doFilter(ApplicationFilterChain.java:166)
	at org.apache.catalina.core.StandardWrapperValve.invoke(StandardWrapperValve.java:199)
	at org.apache.catalina.core.StandardContextValve.invoke(StandardContextValve.java:96)
	at org.apache.catalina.authenticator.AuthenticatorBase.invoke(AuthenticatorBase.java:490)
	at org.apache.catalina.core.StandardHostValve.invoke(StandardHostValve.java:139)
	at org.apache.catalina.valves.ErrorReportValve.invoke(ErrorReportValve.java:92)
	at org.apache.catalina.core.StandardEngineValve.invoke(StandardEngineValve.java:74)
	at org.apache.catalina.connector.CoyoteAdapter.service(CoyoteAdapter.java:343)
	at org.apache.coyote.http11.Http11Processor.service(Http11Processor.java:408)
	at org.apache.coyote.AbstractProcessorLight.process(AbstractProcessorLight.java:66)
	at org.apache.coyote.AbstractProtocol$ConnectionHandler.process(AbstractProtocol.java:770)
	at org.apache.tomcat.util.net.NioEndpoint$SocketProcessor.doRun(NioEndpoint.java:1415)
	at org.apache.tomcat.util.net.SocketProcessorBase.run(SocketProcessorBase.java:49)
	at java.base/java.util.concurrent.ThreadPoolExecutor.runWorker(ThreadPoolExecutor.java:1128)
	at java.base/java.util.concurrent.ThreadPoolExecutor$Worker.run(ThreadPoolExecutor.java:628)
	at org.apache.tomcat.util.threads.TaskThread$WrappingRunnable.run(TaskThread.java:61)
	at java.base/java.lang.Thread.run(Thread.java:834)
2020-03-27 14:43:32 下午 [Thread: http-nio-8888-exec-2][ Class:druid.sql.Statement >> Method: com.alibaba.druid.filter.logging.Log4jFilter.statementLog(Log4jFilter.java:137) ]
DEBUG:{conn-10001, pstmt-20000} clearParameters. 
2020-03-27 14:43:32 下午 [Thread: http-nio-8888-exec-2][ Class:druid.sql.Statement >> Method: com.alibaba.druid.filter.logging.Log4jFilter.statementLog(Log4jFilter.java:137) ]
DEBUG:{conn-10001, pstmt-20000} closed
2020-03-27 14:43:32 下午 [Thread: http-nio-8888-exec-2][ Class:druid.sql.Connection >> Method: com.alibaba.druid.filter.logging.Log4jFilter.connectionLog(Log4jFilter.java:132) ]
DEBUG:{conn-10001} pool-recycle
2020-03-27 14:43:32 下午 [Thread: http-nio-8888-exec-2][ Class:druid.sql.Connection >> Method: com.alibaba.druid.filter.logging.Log4jFilter.connectionLog(Log4jFilter.java:132) ]
DEBUG:{conn-10001} pool-connect
2020-03-27 14:43:32 下午 [Thread: http-nio-8888-exec-2][ Class:druid.sql.Connection >> Method: com.alibaba.druid.filter.logging.Log4jFilter.connectionLog(Log4jFilter.java:132) ]
DEBUG:{conn-10001} pool-recycle
2020-03-27 14:45:37 下午 [Thread: Thread-2][ Class:druid.sql.Connection >> Method: com.alibaba.druid.filter.logging.Log4jFilter.connectionLog(Log4jFilter.java:132) ]
DEBUG:{conn-10001} closed
2020-03-27 14:45:46 下午 [Thread: main][ Class:druid.sql.Connection >> Method: com.alibaba.druid.filter.logging.Log4jFilter.connectionLog(Log4jFilter.java:132) ]
DEBUG:{conn-10001,procId-39} connected
2020-03-27 14:46:21 下午 [Thread: http-nio-8888-exec-2][ Class:com.hl.diary.controller.release.ReleaseController >> Method: com.hl.diary.controller.release.ReleaseController.addContent(ReleaseController.java:23) ]
DEBUG:xxxxxxxxx1>{"content":"环境的考试那可能","createtime":"2020-03-26","location":"fsav","mood":2,"music":1,"musicurl":"https://www.baidu.com/","openid":"2341","theme":3,"uid":2341,"weather":1}
2020-03-27 14:46:21 下午 [Thread: http-nio-8888-exec-2][ Class:druid.sql.Connection >> Method: com.alibaba.druid.filter.logging.Log4jFilter.connectionLog(Log4jFilter.java:132) ]
DEBUG:{conn-10001} pool-connect
2020-03-27 14:46:21 下午 [Thread: http-nio-8888-exec-2][ Class:druid.sql.Statement >> Method: com.alibaba.druid.filter.logging.Log4jFilter.statementLog(Log4jFilter.java:137) ]
DEBUG:{conn-10001, pstmt-20000} created. insert into release (uid, openid,
      weather, mood, location, 
      music, musicurl, theme, 
      content)
    values (?, ?,
      ?, ?, ?, 
      ?, ?, ?, 
      ?)
2020-03-27 14:46:21 下午 [Thread: http-nio-8888-exec-2][ Class:druid.sql.Statement >> Method: com.alibaba.druid.filter.logging.Log4jFilter.statementLog(Log4jFilter.java:137) ]
DEBUG:{conn-10001, pstmt-20000} Parameters : [2341, 2341, 1, 2, fsav, 1, https://www.baidu.com/, 3, 环境的考试那可能]
2020-03-27 14:46:21 下午 [Thread: http-nio-8888-exec-2][ Class:druid.sql.Statement >> Method: com.alibaba.druid.filter.logging.Log4jFilter.statementLog(Log4jFilter.java:137) ]
DEBUG:{conn-10001, pstmt-20000} Types : [INTEGER, VARCHAR, INTEGER, INTEGER, VARCHAR, INTEGER, VARCHAR, INTEGER, VARCHAR]
2020-03-27 14:46:21 下午 [Thread: http-nio-8888-exec-2][ Class:druid.sql.Statement >> Method: com.alibaba.druid.filter.logging.Log4jFilter.statementLogError(Log4jFilter.java:152) ]
ERROR:{conn-10001, pstmt-20000} execute error. insert into release (uid, openid,
      weather, mood, location, 
      music, musicurl, theme, 
      content)
    values (?, ?,
      ?, ?, ?, 
      ?, ?, ?, 
      ?)
java.sql.SQLSyntaxErrorException: You have an error in your SQL syntax; check the manual that corresponds to your MySQL server version for the right syntax to use near 'release (uid, openid,
      weather, mood, location, 
      music, musicurl, the' at line 1
	at com.mysql.cj.jdbc.exceptions.SQLError.createSQLException(SQLError.java:120)
	at com.mysql.cj.jdbc.exceptions.SQLError.createSQLException(SQLError.java:97)
	at com.mysql.cj.jdbc.exceptions.SQLExceptionsMapping.translateException(SQLExceptionsMapping.java:122)
	at com.mysql.cj.jdbc.ClientPreparedStatement.executeInternal(ClientPreparedStatement.java:974)
	at com.mysql.cj.jdbc.ClientPreparedStatement.execute(ClientPreparedStatement.java:391)
	at com.alibaba.druid.filter.FilterChainImpl.preparedStatement_execute(FilterChainImpl.java:3409)
	at com.alibaba.druid.filter.FilterEventAdapter.preparedStatement_execute(FilterEventAdapter.java:440)
	at com.alibaba.druid.filter.FilterChainImpl.preparedStatement_execute(FilterChainImpl.java:3407)
	at com.alibaba.druid.filter.FilterEventAdapter.preparedStatement_execute(FilterEventAdapter.java:440)
	at com.alibaba.druid.filter.FilterChainImpl.preparedStatement_execute(FilterChainImpl.java:3407)
	at com.alibaba.druid.proxy.jdbc.PreparedStatementProxyImpl.execute(PreparedStatementProxyImpl.java:167)
	at com.alibaba.druid.pool.DruidPooledPreparedStatement.execute(DruidPooledPreparedStatement.java:497)
	at org.apache.ibatis.executor.statement.PreparedStatementHandler.update(PreparedStatementHandler.java:47)
	at org.apache.ibatis.executor.statement.RoutingStatementHandler.update(RoutingStatementHandler.java:74)
	at org.apache.ibatis.executor.ReuseExecutor.doUpdate(ReuseExecutor.java:52)
	at org.apache.ibatis.executor.BaseExecutor.update(BaseExecutor.java:117)
	at org.apache.ibatis.executor.CachingExecutor.update(CachingExecutor.java:76)
	at org.apache.ibatis.session.defaults.DefaultSqlSession.update(DefaultSqlSession.java:197)
	at org.apache.ibatis.session.defaults.DefaultSqlSession.insert(DefaultSqlSession.java:184)
	at java.base/jdk.internal.reflect.NativeMethodAccessorImpl.invoke0(Native Method)
	at java.base/jdk.internal.reflect.NativeMethodAccessorImpl.invoke(NativeMethodAccessorImpl.java:62)
	at java.base/jdk.internal.reflect.DelegatingMethodAccessorImpl.invoke(DelegatingMethodAccessorImpl.java:43)
	at java.base/java.lang.reflect.Method.invoke(Method.java:566)
	at org.mybatis.spring.SqlSessionTemplate$SqlSessionInterceptor.invoke(SqlSessionTemplate.java:433)
	at com.sun.proxy.$Proxy57.insert(Unknown Source)
	at org.mybatis.spring.SqlSessionTemplate.insert(SqlSessionTemplate.java:278)
	at org.apache.ibatis.binding.MapperMethod.execute(MapperMethod.java:62)
	at org.apache.ibatis.binding.MapperProxy.invoke(MapperProxy.java:58)
	at com.sun.proxy.$Proxy58.insert(Unknown Source)
	at java.base/jdk.internal.reflect.NativeMethodAccessorImpl.invoke0(Native Method)
	at java.base/jdk.internal.reflect.NativeMethodAccessorImpl.invoke(NativeMethodAccessorImpl.java:62)
	at java.base/jdk.internal.reflect.DelegatingMethodAccessorImpl.invoke(DelegatingMethodAccessorImpl.java:43)
	at java.base/java.lang.reflect.Method.invoke(Method.java:566)
	at org.springframework.aop.support.AopUtils.invokeJoinpointUsingReflection(AopUtils.java:343)
	at org.springframework.aop.framework.ReflectiveMethodInvocation.invokeJoinpoint(ReflectiveMethodInvocation.java:198)
	at org.springframework.aop.framework.ReflectiveMethodInvocation.proceed(ReflectiveMethodInvocation.java:163)
	at org.springframework.dao.support.PersistenceExceptionTranslationInterceptor.invoke(PersistenceExceptionTranslationInterceptor.java:139)
	at org.springframework.aop.framework.ReflectiveMethodInvocation.proceed(ReflectiveMethodInvocation.java:186)
	at org.springframework.aop.framework.JdkDynamicAopProxy.invoke(JdkDynamicAopProxy.java:212)
	at com.sun.proxy.$Proxy59.insert(Unknown Source)
	at com.hl.diary.service.impl.ReleaseServiceImpl.insertSelective(ReleaseServiceImpl.java:16)
	at com.hl.diary.controller.release.ReleaseController.addContent(ReleaseController.java:24)
	at java.base/jdk.internal.reflect.NativeMethodAccessorImpl.invoke0(Native Method)
	at java.base/jdk.internal.reflect.NativeMethodAccessorImpl.invoke(NativeMethodAccessorImpl.java:62)
	at java.base/jdk.internal.reflect.DelegatingMethodAccessorImpl.invoke(DelegatingMethodAccessorImpl.java:43)
	at java.base/java.lang.reflect.Method.invoke(Method.java:566)
	at org.springframework.web.method.support.InvocableHandlerMethod.doInvoke(InvocableHandlerMethod.java:215)
	at org.springframework.web.method.support.InvocableHandlerMethod.invokeForRequest(InvocableHandlerMethod.java:142)
	at org.springframework.web.servlet.mvc.method.annotation.ServletInvocableHandlerMethod.invokeAndHandle(ServletInvocableHandlerMethod.java:102)
	at org.springframework.web.servlet.mvc.method.annotation.RequestMappingHandlerAdapter.invokeHandlerMethod(RequestMappingHandlerAdapter.java:895)
	at org.springframework.web.servlet.mvc.method.annotation.RequestMappingHandlerAdapter.handleInternal(RequestMappingHandlerAdapter.java:800)
	at org.springframework.web.servlet.mvc.method.AbstractHandlerMethodAdapter.handle(AbstractHandlerMethodAdapter.java:87)
	at org.springframework.web.servlet.DispatcherServlet.doDispatch(DispatcherServlet.java:1038)
	at org.springframework.web.servlet.DispatcherServlet.doService(DispatcherServlet.java:942)
	at org.springframework.web.servlet.FrameworkServlet.processRequest(FrameworkServlet.java:998)
	at org.springframework.web.servlet.FrameworkServlet.doPost(FrameworkServlet.java:901)
	at javax.servlet.http.HttpServlet.service(HttpServlet.java:660)
	at org.springframework.web.servlet.FrameworkServlet.service(FrameworkServlet.java:875)
	at javax.servlet.http.HttpServlet.service(HttpServlet.java:741)
	at org.apache.catalina.core.ApplicationFilterChain.internalDoFilter(ApplicationFilterChain.java:231)
	at org.apache.catalina.core.ApplicationFilterChain.doFilter(ApplicationFilterChain.java:166)
	at org.apache.tomcat.websocket.server.WsFilter.doFilter(WsFilter.java:53)
	at org.apache.catalina.core.ApplicationFilterChain.internalDoFilter(ApplicationFilterChain.java:193)
	at org.apache.catalina.core.ApplicationFilterChain.doFilter(ApplicationFilterChain.java:166)
	at org.springframework.web.filter.RequestContextFilter.doFilterInternal(RequestContextFilter.java:99)
	at org.springframework.web.filter.OncePerRequestFilter.doFilter(OncePerRequestFilter.java:107)
	at org.apache.catalina.core.ApplicationFilterChain.internalDoFilter(ApplicationFilterChain.java:193)
	at org.apache.catalina.core.ApplicationFilterChain.doFilter(ApplicationFilterChain.java:166)
	at org.springframework.web.filter.FormContentFilter.doFilterInternal(FormContentFilter.java:92)
	at org.springframework.web.filter.OncePerRequestFilter.doFilter(OncePerRequestFilter.java:107)
	at org.apache.catalina.core.ApplicationFilterChain.internalDoFilter(ApplicationFilterChain.java:193)
	at org.apache.catalina.core.ApplicationFilterChain.doFilter(ApplicationFilterChain.java:166)
	at org.springframework.web.filter.HiddenHttpMethodFilter.doFilterInternal(HiddenHttpMethodFilter.java:93)
	at org.springframework.web.filter.OncePerRequestFilter.doFilter(OncePerRequestFilter.java:107)
	at org.apache.catalina.core.ApplicationFilterChain.internalDoFilter(ApplicationFilterChain.java:193)
	at org.apache.catalina.core.ApplicationFilterChain.doFilter(ApplicationFilterChain.java:166)
	at org.springframework.web.filter.CharacterEncodingFilter.doFilterInternal(CharacterEncodingFilter.java:200)
	at org.springframework.web.filter.OncePerRequestFilter.doFilter(OncePerRequestFilter.java:107)
	at org.apache.catalina.core.ApplicationFilterChain.internalDoFilter(ApplicationFilterChain.java:193)
	at org.apache.catalina.core.ApplicationFilterChain.doFilter(ApplicationFilterChain.java:166)
	at org.apache.catalina.core.StandardWrapperValve.invoke(StandardWrapperValve.java:199)
	at org.apache.catalina.core.StandardContextValve.invoke(StandardContextValve.java:96)
	at org.apache.catalina.authenticator.AuthenticatorBase.invoke(AuthenticatorBase.java:490)
	at org.apache.catalina.core.StandardHostValve.invoke(StandardHostValve.java:139)
	at org.apache.catalina.valves.ErrorReportValve.invoke(ErrorReportValve.java:92)
	at org.apache.catalina.core.StandardEngineValve.invoke(StandardEngineValve.java:74)
	at org.apache.catalina.connector.CoyoteAdapter.service(CoyoteAdapter.java:343)
	at org.apache.coyote.http11.Http11Processor.service(Http11Processor.java:408)
	at org.apache.coyote.AbstractProcessorLight.process(AbstractProcessorLight.java:66)
	at org.apache.coyote.AbstractProtocol$ConnectionHandler.process(AbstractProtocol.java:770)
	at org.apache.tomcat.util.net.NioEndpoint$SocketProcessor.doRun(NioEndpoint.java:1415)
	at org.apache.tomcat.util.net.SocketProcessorBase.run(SocketProcessorBase.java:49)
	at java.base/java.util.concurrent.ThreadPoolExecutor.runWorker(ThreadPoolExecutor.java:1128)
	at java.base/java.util.concurrent.ThreadPoolExecutor$Worker.run(ThreadPoolExecutor.java:628)
	at org.apache.tomcat.util.threads.TaskThread$WrappingRunnable.run(TaskThread.java:61)
	at java.base/java.lang.Thread.run(Thread.java:834)
2020-03-27 14:46:21 下午 [Thread: http-nio-8888-exec-2][ Class:druid.sql.Statement >> Method: com.alibaba.druid.filter.logging.Log4jFilter.statementLog(Log4jFilter.java:137) ]
DEBUG:{conn-10001, pstmt-20000} clearParameters. 
2020-03-27 14:46:21 下午 [Thread: http-nio-8888-exec-2][ Class:druid.sql.Statement >> Method: com.alibaba.druid.filter.logging.Log4jFilter.statementLog(Log4jFilter.java:137) ]
DEBUG:{conn-10001, pstmt-20000} closed
2020-03-27 14:46:21 下午 [Thread: http-nio-8888-exec-2][ Class:druid.sql.Connection >> Method: com.alibaba.druid.filter.logging.Log4jFilter.connectionLog(Log4jFilter.java:132) ]
DEBUG:{conn-10001} pool-recycle
2020-03-27 14:46:21 下午 [Thread: http-nio-8888-exec-2][ Class:druid.sql.Connection >> Method: com.alibaba.druid.filter.logging.Log4jFilter.connectionLog(Log4jFilter.java:132) ]
DEBUG:{conn-10001} pool-connect
2020-03-27 14:46:21 下午 [Thread: http-nio-8888-exec-2][ Class:druid.sql.Connection >> Method: com.alibaba.druid.filter.logging.Log4jFilter.connectionLog(Log4jFilter.java:132) ]
DEBUG:{conn-10001} pool-recycle
2020-03-27 14:50:55 下午 [Thread: Thread-2][ Class:druid.sql.Connection >> Method: com.alibaba.druid.filter.logging.Log4jFilter.connectionLog(Log4jFilter.java:132) ]
DEBUG:{conn-10001} closed
2020-03-27 14:51:51 下午 [Thread: main][ Class:druid.sql.Connection >> Method: com.alibaba.druid.filter.logging.Log4jFilter.connectionLog(Log4jFilter.java:132) ]
DEBUG:{conn-10001,procId-41} connected
2020-03-27 14:52:10 下午 [Thread: http-nio-8888-exec-2][ Class:com.hl.diary.controller.release.ReleaseController >> Method: com.hl.diary.controller.release.ReleaseController.addContent(ReleaseController.java:23) ]
DEBUG:xxxxxxxxx1>{"content":"环境的考试那可能","createtime":"2020-03-26","location":"fsav","mood":2,"music":1,"musicurl":"https://www.baidu.com/","openid":"2341","theme":3,"uid":2341,"weather":1}
2020-03-27 14:52:10 下午 [Thread: http-nio-8888-exec-2][ Class:druid.sql.Connection >> Method: com.alibaba.druid.filter.logging.Log4jFilter.connectionLog(Log4jFilter.java:132) ]
DEBUG:{conn-10001} pool-connect
2020-03-27 14:52:10 下午 [Thread: http-nio-8888-exec-2][ Class:druid.sql.Statement >> Method: com.alibaba.druid.filter.logging.Log4jFilter.statementLog(Log4jFilter.java:137) ]
DEBUG:{conn-10001, pstmt-20000} created. insert into release (id, uid, openid, 
      createtime, weather, mood, 
      location, music, musicurl, 
      theme, content)
    values (?, ?, ?, 
      ?, ?, ?, 
      ?, ?, ?, 
      ?, ?)
2020-03-27 14:52:10 下午 [Thread: http-nio-8888-exec-2][ Class:druid.sql.Statement >> Method: com.alibaba.druid.filter.logging.Log4jFilter.statementLog(Log4jFilter.java:137) ]
DEBUG:{conn-10001, pstmt-20000} Parameters : [null, 2341, 2341, 2020-03-26, 1, 2, fsav, 1, https://www.baidu.com/, 3, 环境的考试那可能]
2020-03-27 14:52:10 下午 [Thread: http-nio-8888-exec-2][ Class:druid.sql.Statement >> Method: com.alibaba.druid.filter.logging.Log4jFilter.statementLog(Log4jFilter.java:137) ]
DEBUG:{conn-10001, pstmt-20000} Types : [INTEGER, INTEGER, VARCHAR, VARCHAR, INTEGER, INTEGER, VARCHAR, INTEGER, VARCHAR, INTEGER, VARCHAR]
2020-03-27 14:52:10 下午 [Thread: http-nio-8888-exec-2][ Class:druid.sql.Statement >> Method: com.alibaba.druid.filter.logging.Log4jFilter.statementLogError(Log4jFilter.java:152) ]
ERROR:{conn-10001, pstmt-20000} execute error. insert into release (id, uid, openid, 
      createtime, weather, mood, 
      location, music, musicurl, 
      theme, content)
    values (?, ?, ?, 
      ?, ?, ?, 
      ?, ?, ?, 
      ?, ?)
java.sql.SQLSyntaxErrorException: You have an error in your SQL syntax; check the manual that corresponds to your MySQL server version for the right syntax to use near 'release (id, uid, openid, 
      createtime, weather, mood, 
      location, mus' at line 1
	at com.mysql.cj.jdbc.exceptions.SQLError.createSQLException(SQLError.java:120)
	at com.mysql.cj.jdbc.exceptions.SQLError.createSQLException(SQLError.java:97)
	at com.mysql.cj.jdbc.exceptions.SQLExceptionsMapping.translateException(SQLExceptionsMapping.java:122)
	at com.mysql.cj.jdbc.ClientPreparedStatement.executeInternal(ClientPreparedStatement.java:974)
	at com.mysql.cj.jdbc.ClientPreparedStatement.execute(ClientPreparedStatement.java:391)
	at com.alibaba.druid.filter.FilterChainImpl.preparedStatement_execute(FilterChainImpl.java:3409)
	at com.alibaba.druid.filter.FilterEventAdapter.preparedStatement_execute(FilterEventAdapter.java:440)
	at com.alibaba.druid.filter.FilterChainImpl.preparedStatement_execute(FilterChainImpl.java:3407)
	at com.alibaba.druid.filter.FilterEventAdapter.preparedStatement_execute(FilterEventAdapter.java:440)
	at com.alibaba.druid.filter.FilterChainImpl.preparedStatement_execute(FilterChainImpl.java:3407)
	at com.alibaba.druid.proxy.jdbc.PreparedStatementProxyImpl.execute(PreparedStatementProxyImpl.java:167)
	at com.alibaba.druid.pool.DruidPooledPreparedStatement.execute(DruidPooledPreparedStatement.java:497)
	at org.apache.ibatis.executor.statement.PreparedStatementHandler.update(PreparedStatementHandler.java:47)
	at org.apache.ibatis.executor.statement.RoutingStatementHandler.update(RoutingStatementHandler.java:74)
	at org.apache.ibatis.executor.ReuseExecutor.doUpdate(ReuseExecutor.java:52)
	at org.apache.ibatis.executor.BaseExecutor.update(BaseExecutor.java:117)
	at org.apache.ibatis.executor.CachingExecutor.update(CachingExecutor.java:76)
	at org.apache.ibatis.session.defaults.DefaultSqlSession.update(DefaultSqlSession.java:197)
	at org.apache.ibatis.session.defaults.DefaultSqlSession.insert(DefaultSqlSession.java:184)
	at java.base/jdk.internal.reflect.NativeMethodAccessorImpl.invoke0(Native Method)
	at java.base/jdk.internal.reflect.NativeMethodAccessorImpl.invoke(NativeMethodAccessorImpl.java:62)
	at java.base/jdk.internal.reflect.DelegatingMethodAccessorImpl.invoke(DelegatingMethodAccessorImpl.java:43)
	at java.base/java.lang.reflect.Method.invoke(Method.java:566)
	at org.mybatis.spring.SqlSessionTemplate$SqlSessionInterceptor.invoke(SqlSessionTemplate.java:433)
	at com.sun.proxy.$Proxy57.insert(Unknown Source)
	at org.mybatis.spring.SqlSessionTemplate.insert(SqlSessionTemplate.java:278)
	at org.apache.ibatis.binding.MapperMethod.execute(MapperMethod.java:62)
	at org.apache.ibatis.binding.MapperProxy.invoke(MapperProxy.java:58)
	at com.sun.proxy.$Proxy58.insert(Unknown Source)
	at java.base/jdk.internal.reflect.NativeMethodAccessorImpl.invoke0(Native Method)
	at java.base/jdk.internal.reflect.NativeMethodAccessorImpl.invoke(NativeMethodAccessorImpl.java:62)
	at java.base/jdk.internal.reflect.DelegatingMethodAccessorImpl.invoke(DelegatingMethodAccessorImpl.java:43)
	at java.base/java.lang.reflect.Method.invoke(Method.java:566)
	at org.springframework.aop.support.AopUtils.invokeJoinpointUsingReflection(AopUtils.java:343)
	at org.springframework.aop.framework.ReflectiveMethodInvocation.invokeJoinpoint(ReflectiveMethodInvocation.java:198)
	at org.springframework.aop.framework.ReflectiveMethodInvocation.proceed(ReflectiveMethodInvocation.java:163)
	at org.springframework.dao.support.PersistenceExceptionTranslationInterceptor.invoke(PersistenceExceptionTranslationInterceptor.java:139)
	at org.springframework.aop.framework.ReflectiveMethodInvocation.proceed(ReflectiveMethodInvocation.java:186)
	at org.springframework.aop.framework.JdkDynamicAopProxy.invoke(JdkDynamicAopProxy.java:212)
	at com.sun.proxy.$Proxy59.insert(Unknown Source)
	at com.hl.diary.service.impl.ReleaseServiceImpl.insertSelective(ReleaseServiceImpl.java:16)
	at com.hl.diary.controller.release.ReleaseController.addContent(ReleaseController.java:24)
	at java.base/jdk.internal.reflect.NativeMethodAccessorImpl.invoke0(Native Method)
	at java.base/jdk.internal.reflect.NativeMethodAccessorImpl.invoke(NativeMethodAccessorImpl.java:62)
	at java.base/jdk.internal.reflect.DelegatingMethodAccessorImpl.invoke(DelegatingMethodAccessorImpl.java:43)
	at java.base/java.lang.reflect.Method.invoke(Method.java:566)
	at org.springframework.web.method.support.InvocableHandlerMethod.doInvoke(InvocableHandlerMethod.java:215)
	at org.springframework.web.method.support.InvocableHandlerMethod.invokeForRequest(InvocableHandlerMethod.java:142)
	at org.springframework.web.servlet.mvc.method.annotation.ServletInvocableHandlerMethod.invokeAndHandle(ServletInvocableHandlerMethod.java:102)
	at org.springframework.web.servlet.mvc.method.annotation.RequestMappingHandlerAdapter.invokeHandlerMethod(RequestMappingHandlerAdapter.java:895)
	at org.springframework.web.servlet.mvc.method.annotation.RequestMappingHandlerAdapter.handleInternal(RequestMappingHandlerAdapter.java:800)
	at org.springframework.web.servlet.mvc.method.AbstractHandlerMethodAdapter.handle(AbstractHandlerMethodAdapter.java:87)
	at org.springframework.web.servlet.DispatcherServlet.doDispatch(DispatcherServlet.java:1038)
	at org.springframework.web.servlet.DispatcherServlet.doService(DispatcherServlet.java:942)
	at org.springframework.web.servlet.FrameworkServlet.processRequest(FrameworkServlet.java:998)
	at org.springframework.web.servlet.FrameworkServlet.doPost(FrameworkServlet.java:901)
	at javax.servlet.http.HttpServlet.service(HttpServlet.java:660)
	at org.springframework.web.servlet.FrameworkServlet.service(FrameworkServlet.java:875)
	at javax.servlet.http.HttpServlet.service(HttpServlet.java:741)
	at org.apache.catalina.core.ApplicationFilterChain.internalDoFilter(ApplicationFilterChain.java:231)
	at org.apache.catalina.core.ApplicationFilterChain.doFilter(ApplicationFilterChain.java:166)
	at org.apache.tomcat.websocket.server.WsFilter.doFilter(WsFilter.java:53)
	at org.apache.catalina.core.ApplicationFilterChain.internalDoFilter(ApplicationFilterChain.java:193)
	at org.apache.catalina.core.ApplicationFilterChain.doFilter(ApplicationFilterChain.java:166)
	at org.springframework.web.filter.RequestContextFilter.doFilterInternal(RequestContextFilter.java:99)
	at org.springframework.web.filter.OncePerRequestFilter.doFilter(OncePerRequestFilter.java:107)
	at org.apache.catalina.core.ApplicationFilterChain.internalDoFilter(ApplicationFilterChain.java:193)
	at org.apache.catalina.core.ApplicationFilterChain.doFilter(ApplicationFilterChain.java:166)
	at org.springframework.web.filter.FormContentFilter.doFilterInternal(FormContentFilter.java:92)
	at org.springframework.web.filter.OncePerRequestFilter.doFilter(OncePerRequestFilter.java:107)
	at org.apache.catalina.core.ApplicationFilterChain.internalDoFilter(ApplicationFilterChain.java:193)
	at org.apache.catalina.core.ApplicationFilterChain.doFilter(ApplicationFilterChain.java:166)
	at org.springframework.web.filter.HiddenHttpMethodFilter.doFilterInternal(HiddenHttpMethodFilter.java:93)
	at org.springframework.web.filter.OncePerRequestFilter.doFilter(OncePerRequestFilter.java:107)
	at org.apache.catalina.core.ApplicationFilterChain.internalDoFilter(ApplicationFilterChain.java:193)
	at org.apache.catalina.core.ApplicationFilterChain.doFilter(ApplicationFilterChain.java:166)
	at org.springframework.web.filter.CharacterEncodingFilter.doFilterInternal(CharacterEncodingFilter.java:200)
	at org.springframework.web.filter.OncePerRequestFilter.doFilter(OncePerRequestFilter.java:107)
	at org.apache.catalina.core.ApplicationFilterChain.internalDoFilter(ApplicationFilterChain.java:193)
	at org.apache.catalina.core.ApplicationFilterChain.doFilter(ApplicationFilterChain.java:166)
	at org.apache.catalina.core.StandardWrapperValve.invoke(StandardWrapperValve.java:199)
	at org.apache.catalina.core.StandardContextValve.invoke(StandardContextValve.java:96)
	at org.apache.catalina.authenticator.AuthenticatorBase.invoke(AuthenticatorBase.java:490)
	at org.apache.catalina.core.StandardHostValve.invoke(StandardHostValve.java:139)
	at org.apache.catalina.valves.ErrorReportValve.invoke(ErrorReportValve.java:92)
	at org.apache.catalina.core.StandardEngineValve.invoke(StandardEngineValve.java:74)
	at org.apache.catalina.connector.CoyoteAdapter.service(CoyoteAdapter.java:343)
	at org.apache.coyote.http11.Http11Processor.service(Http11Processor.java:408)
	at org.apache.coyote.AbstractProcessorLight.process(AbstractProcessorLight.java:66)
	at org.apache.coyote.AbstractProtocol$ConnectionHandler.process(AbstractProtocol.java:770)
	at org.apache.tomcat.util.net.NioEndpoint$SocketProcessor.doRun(NioEndpoint.java:1415)
	at org.apache.tomcat.util.net.SocketProcessorBase.run(SocketProcessorBase.java:49)
	at java.base/java.util.concurrent.ThreadPoolExecutor.runWorker(ThreadPoolExecutor.java:1128)
	at java.base/java.util.concurrent.ThreadPoolExecutor$Worker.run(ThreadPoolExecutor.java:628)
	at org.apache.tomcat.util.threads.TaskThread$WrappingRunnable.run(TaskThread.java:61)
	at java.base/java.lang.Thread.run(Thread.java:834)
2020-03-27 14:52:10 下午 [Thread: http-nio-8888-exec-2][ Class:druid.sql.Statement >> Method: com.alibaba.druid.filter.logging.Log4jFilter.statementLog(Log4jFilter.java:137) ]
DEBUG:{conn-10001, pstmt-20000} clearParameters. 
2020-03-27 14:52:10 下午 [Thread: http-nio-8888-exec-2][ Class:druid.sql.Statement >> Method: com.alibaba.druid.filter.logging.Log4jFilter.statementLog(Log4jFilter.java:137) ]
DEBUG:{conn-10001, pstmt-20000} closed
2020-03-27 14:52:10 下午 [Thread: http-nio-8888-exec-2][ Class:druid.sql.Connection >> Method: com.alibaba.druid.filter.logging.Log4jFilter.connectionLog(Log4jFilter.java:132) ]
DEBUG:{conn-10001} pool-recycle
2020-03-27 14:52:10 下午 [Thread: http-nio-8888-exec-2][ Class:druid.sql.Connection >> Method: com.alibaba.druid.filter.logging.Log4jFilter.connectionLog(Log4jFilter.java:132) ]
DEBUG:{conn-10001} pool-connect
2020-03-27 14:52:10 下午 [Thread: http-nio-8888-exec-2][ Class:druid.sql.Connection >> Method: com.alibaba.druid.filter.logging.Log4jFilter.connectionLog(Log4jFilter.java:132) ]
DEBUG:{conn-10001} pool-recycle
